\BOOKMARK [1][-]{section*.2}{Forward}{}% 1
\BOOKMARK [1][-]{section*.3}{Section 1 - Borel's Normal Number Theorem}{}% 2
\BOOKMARK [2][-]{section*.4}{Notes}{section*.3}% 3
\BOOKMARK [3][-]{section*.5}{The Unit Interval}{section*.4}% 4
\BOOKMARK [3][-]{section*.6}{The Weak Law of Large Numbers}{section*.4}% 5
\BOOKMARK [3][-]{section*.9}{The Strong Law of Large Numbers}{section*.4}% 6
\BOOKMARK [3][-]{section*.12}{The Measure Theory of Diophantine Approximation}{section*.4}% 7
\BOOKMARK [2][-]{section*.16}{Problems}{section*.3}% 8
\BOOKMARK [3][-]{section*.17}{1.1 Infinite Independent Events on a Discrete Space \(are impossible\)}{section*.16}% 9
\BOOKMARK [3][-]{section*.18}{1.2 Normal Numbers and Complements are Dense in \(0,1]}{section*.16}% 10
\BOOKMARK [3][-]{section*.19}{1.3 Trifling Set Properties}{section*.16}% 11
\BOOKMARK [3][-]{section*.20}{1.4 Trifling Sets In Base r}{section*.16}% 12
\BOOKMARK [3][-]{section*.21}{1.5 Cantor Set Is Trifling, Uncountable, and Perfect}{section*.16}% 13
\BOOKMARK [3][-]{section*.22}{1.6 Alternate Sn Integral Value Proof}{section*.16}% 14
\BOOKMARK [3][-]{section*.23}{1.7 Vieta's Formula}{section*.16}% 15
\BOOKMARK [3][-]{section*.24}{1.8 Differences between the Weak and Strong Law Is Uniform Convergence}{section*.16}% 16
\BOOKMARK [3][-]{section*.25}{1.9 Nowhere Dense Set Existence and Properties}{section*.16}% 17
\BOOKMARK [3][-]{section*.26}{1.10 Normal Numbers are of the First Category}{section*.16}% 18
\BOOKMARK [3][-]{section*.27}{1.11 Diophantine Approximation Properties}{section*.16}% 19
\BOOKMARK [1][-]{section*.28}{Section 2 - Probability Measures}{}% 20
\BOOKMARK [2][-]{section*.29}{Notes}{section*.28}% 21
\BOOKMARK [2][-]{section*.49}{Problems}{section*.28}% 22
\BOOKMARK [3][-]{section*.50}{2.1}{section*.49}% 23
