This is XeTeX, Version 3.141592653-2.6-0.999993 (TeX Live 2022/dev/Debian) (preloaded format=xelatex 2023.6.24)  17 JUL 2025 11:29
entering extended mode
 restricted \write18 enabled.
 %&-line parsing enabled.
**ProbabilityAndMeasure.tex
(./ProbabilityAndMeasure.tex
LaTeX2e <2021-11-15> patch level 1
L3 programming layer <2022-01-21>
(/usr/share/texlive/texmf-dist/tex/latex/base/article.cls
Document Class: article 2021/10/04 v1.4n Standard LaTeX document class
(/usr/share/texlive/texmf-dist/tex/latex/base/size12.clo
File: size12.clo 2021/10/04 v1.4n Standard LaTeX file (size option)
)
\c@part=\count181
\c@section=\count182
\c@subsection=\count183
\c@subsubsection=\count184
\c@paragraph=\count185
\c@subparagraph=\count186
\c@figure=\count187
\c@table=\count188
\abovecaptionskip=\skip47
\belowcaptionskip=\skip48
\bibindent=\dimen138
)
(/usr/share/texlive/texmf-dist/tex/latex/base/inputenc.sty
Package: inputenc 2021/02/14 v1.3d Input encoding file
\inpenc@prehook=\toks16
\inpenc@posthook=\toks17


Package inputenc Warning: inputenc package ignored with utf8 based engines.

) (/usr/share/texlive/texmf-dist/tex/latex/base/fontenc.sty
Package: fontenc 2021/04/29 v2.0v Standard LaTeX package
LaTeX Font Info:    Trying to load font information for T1+lmr on input line 11
2.

(/usr/share/texmf/tex/latex/lm/t1lmr.fd
File: t1lmr.fd 2009/10/30 v1.6 Font defs for Latin Modern
))
(/usr/share/texlive/texmf-dist/tex/latex/amsmath/amsmath.sty
Package: amsmath 2021/10/15 v2.17l AMS math features
\@mathmargin=\skip49

For additional information on amsmath, use the `?' option.
(/usr/share/texlive/texmf-dist/tex/latex/amsmath/amstext.sty
Package: amstext 2021/08/26 v2.01 AMS text

(/usr/share/texlive/texmf-dist/tex/latex/amsmath/amsgen.sty
File: amsgen.sty 1999/11/30 v2.0 generic functions
\@emptytoks=\toks18
\ex@=\dimen139
))
(/usr/share/texlive/texmf-dist/tex/latex/amsmath/amsbsy.sty
Package: amsbsy 1999/11/29 v1.2d Bold Symbols
\pmbraise@=\dimen140
)
(/usr/share/texlive/texmf-dist/tex/latex/amsmath/amsopn.sty
Package: amsopn 2021/08/26 v2.02 operator names
)
\inf@bad=\count189
LaTeX Info: Redefining \frac on input line 234.
\uproot@=\count190
\leftroot@=\count191
LaTeX Info: Redefining \overline on input line 399.
\classnum@=\count192
\DOTSCASE@=\count193
LaTeX Info: Redefining \ldots on input line 496.
LaTeX Info: Redefining \dots on input line 499.
LaTeX Info: Redefining \cdots on input line 620.
\Mathstrutbox@=\box50
\strutbox@=\box51
\big@size=\dimen141
LaTeX Font Info:    Redeclaring font encoding OML on input line 743.
LaTeX Font Info:    Redeclaring font encoding OMS on input line 744.
\macc@depth=\count194
\c@MaxMatrixCols=\count195
\dotsspace@=\muskip16
\c@parentequation=\count196
\dspbrk@lvl=\count197
\tag@help=\toks19
\row@=\count198
\column@=\count199
\maxfields@=\count266
\andhelp@=\toks20
\eqnshift@=\dimen142
\alignsep@=\dimen143
\tagshift@=\dimen144
\tagwidth@=\dimen145
\totwidth@=\dimen146
\lineht@=\dimen147
\@envbody=\toks21
\multlinegap=\skip50
\multlinetaggap=\skip51
\mathdisplay@stack=\toks22
LaTeX Info: Redefining \[ on input line 2938.
LaTeX Info: Redefining \] on input line 2939.
)
(/usr/share/texlive/texmf-dist/tex/latex/amsfonts/amssymb.sty
Package: amssymb 2013/01/14 v3.01 AMS font symbols

(/usr/share/texlive/texmf-dist/tex/latex/amsfonts/amsfonts.sty
Package: amsfonts 2013/01/14 v3.01 Basic AMSFonts support
\symAMSa=\mathgroup4
\symAMSb=\mathgroup5
LaTeX Font Info:    Redeclaring math symbol \hbar on input line 98.
LaTeX Font Info:    Overwriting math alphabet `\mathfrak' in version `bold'
(Font)                  U/euf/m/n --> U/euf/b/n on input line 106.
))
(/usr/share/texlive/texmf-dist/tex/latex/graphics/graphicx.sty
Package: graphicx 2021/09/16 v1.2d Enhanced LaTeX Graphics (DPC,SPQR)

(/usr/share/texlive/texmf-dist/tex/latex/graphics/keyval.sty
Package: keyval 2014/10/28 v1.15 key=value parser (DPC)
\KV@toks@=\toks23
)
(/usr/share/texlive/texmf-dist/tex/latex/graphics/graphics.sty
Package: graphics 2021/03/04 v1.4d Standard LaTeX Graphics (DPC,SPQR)

(/usr/share/texlive/texmf-dist/tex/latex/graphics/trig.sty
Package: trig 2021/08/11 v1.11 sin cos tan (DPC)
)
(/usr/share/texlive/texmf-dist/tex/latex/graphics-cfg/graphics.cfg
File: graphics.cfg 2016/06/04 v1.11 sample graphics configuration
)
Package graphics Info: Driver file: xetex.def on input line 107.

(/usr/share/texlive/texmf-dist/tex/latex/graphics-def/xetex.def
File: xetex.def 2021/03/18 v5.0k Graphics/color driver for xetex
))
\Gin@req@height=\dimen148
\Gin@req@width=\dimen149
)
(/usr/share/texlive/texmf-dist/tex/latex/float/float.sty
Package: float 2001/11/08 v1.3d Float enhancements (AL)
\c@float@type=\count267
\float@exts=\toks24
\float@box=\box52
\@float@everytoks=\toks25
\@floatcapt=\box53
)
(/usr/share/texlive/texmf-dist/tex/latex/bbm-macros/bbm.sty
Package: bbm 1999/03/15 V 1.2 provides fonts for set symbols - TH
LaTeX Font Info:    Overwriting math alphabet `\mathbbm' in version `bold'
(Font)                  U/bbm/m/n --> U/bbm/bx/n on input line 33.
LaTeX Font Info:    Overwriting math alphabet `\mathbbmss' in version `bold'
(Font)                  U/bbmss/m/n --> U/bbmss/bx/n on input line 35.
)
(/usr/share/texlive/texmf-dist/tex/latex/enumitem/enumitem.sty
Package: enumitem 2019/06/20 v3.9 Customized lists
\labelindent=\skip52
\enit@outerparindent=\dimen150
\enit@toks=\toks26
\enit@inbox=\box54
\enit@count@id=\count268
\enitdp@description=\count269
)
(/usr/share/texlive/texmf-dist/tex/latex/hyperref/hyperref.sty
Package: hyperref 2021-06-07 v7.00m Hypertext links for LaTeX

(/usr/share/texlive/texmf-dist/tex/generic/ltxcmds/ltxcmds.sty
Package: ltxcmds 2020-05-10 v1.25 LaTeX kernel commands for general use (HO)
)
(/usr/share/texlive/texmf-dist/tex/generic/iftex/iftex.sty
Package: iftex 2020/03/06 v1.0d TeX engine tests
)
(/usr/share/texlive/texmf-dist/tex/generic/pdftexcmds/pdftexcmds.sty
Package: pdftexcmds 2020-06-27 v0.33 Utility functions of pdfTeX for LuaTeX (HO
)

(/usr/share/texlive/texmf-dist/tex/generic/infwarerr/infwarerr.sty
Package: infwarerr 2019/12/03 v1.5 Providing info/warning/error messages (HO)
)
Package pdftexcmds Info: \pdf@primitive is available.
Package pdftexcmds Info: \pdf@ifprimitive is available.
Package pdftexcmds Info: \pdfdraftmode not found.
)
(/usr/share/texlive/texmf-dist/tex/generic/kvsetkeys/kvsetkeys.sty
Package: kvsetkeys 2019/12/15 v1.18 Key value parser (HO)
)
(/usr/share/texlive/texmf-dist/tex/generic/kvdefinekeys/kvdefinekeys.sty
Package: kvdefinekeys 2019-12-19 v1.6 Define keys (HO)
)
(/usr/share/texlive/texmf-dist/tex/generic/pdfescape/pdfescape.sty
Package: pdfescape 2019/12/09 v1.15 Implements pdfTeX's escape features (HO)
)
(/usr/share/texlive/texmf-dist/tex/latex/hycolor/hycolor.sty
Package: hycolor 2020-01-27 v1.10 Color options for hyperref/bookmark (HO)
)
(/usr/share/texlive/texmf-dist/tex/latex/letltxmacro/letltxmacro.sty
Package: letltxmacro 2019/12/03 v1.6 Let assignment for LaTeX macros (HO)
)
(/usr/share/texlive/texmf-dist/tex/latex/auxhook/auxhook.sty
Package: auxhook 2019-12-17 v1.6 Hooks for auxiliary files (HO)
)
(/usr/share/texlive/texmf-dist/tex/latex/kvoptions/kvoptions.sty
Package: kvoptions 2020-10-07 v3.14 Key value format for package options (HO)
)
\@linkdim=\dimen151
\Hy@linkcounter=\count270
\Hy@pagecounter=\count271

(/usr/share/texlive/texmf-dist/tex/latex/hyperref/pd1enc.def
File: pd1enc.def 2021-06-07 v7.00m Hyperref: PDFDocEncoding definition (HO)
)
(/usr/share/texlive/texmf-dist/tex/latex/hyperref/hyperref-langpatches.def
File: hyperref-langpatches.def 2021-06-07 v7.00m Hyperref: patches for babel la
nguages
)
(/usr/share/texlive/texmf-dist/tex/generic/intcalc/intcalc.sty
Package: intcalc 2019/12/15 v1.3 Expandable calculations with integers (HO)
)
(/usr/share/texlive/texmf-dist/tex/generic/etexcmds/etexcmds.sty
Package: etexcmds 2019/12/15 v1.7 Avoid name clashes with e-TeX commands (HO)
)
\Hy@SavedSpaceFactor=\count272

(/usr/share/texlive/texmf-dist/tex/latex/hyperref/puenc.def
File: puenc.def 2021-06-07 v7.00m Hyperref: PDF Unicode definition (HO)
)
Package hyperref Info: Hyper figures OFF on input line 4192.
Package hyperref Info: Link nesting OFF on input line 4197.
Package hyperref Info: Hyper index ON on input line 4200.
Package hyperref Info: Plain pages OFF on input line 4207.
Package hyperref Info: Backreferencing OFF on input line 4212.
Package hyperref Info: Implicit mode ON; LaTeX internals redefined.
Package hyperref Info: Bookmarks ON on input line 4445.
\c@Hy@tempcnt=\count273

(/usr/share/texlive/texmf-dist/tex/latex/url/url.sty
\Urlmuskip=\muskip17
Package: url 2013/09/16  ver 3.4  Verb mode for urls, etc.
)
LaTeX Info: Redefining \url on input line 4804.
\XeTeXLinkMargin=\dimen152

(/usr/share/texlive/texmf-dist/tex/generic/bitset/bitset.sty
Package: bitset 2019/12/09 v1.3 Handle bit-vector datatype (HO)

(/usr/share/texlive/texmf-dist/tex/generic/bigintcalc/bigintcalc.sty
Package: bigintcalc 2019/12/15 v1.5 Expandable calculations on big integers (HO
)
))
\Fld@menulength=\count274
\Field@Width=\dimen153
\Fld@charsize=\dimen154
Package hyperref Info: Hyper figures OFF on input line 6076.
Package hyperref Info: Link nesting OFF on input line 6081.
Package hyperref Info: Hyper index ON on input line 6084.
Package hyperref Info: backreferencing OFF on input line 6091.
Package hyperref Info: Link coloring OFF on input line 6096.
Package hyperref Info: Link coloring with OCG OFF on input line 6101.
Package hyperref Info: PDF/A mode OFF on input line 6106.
LaTeX Info: Redefining \ref on input line 6146.
LaTeX Info: Redefining \pageref on input line 6150.

(/usr/share/texlive/texmf-dist/tex/latex/base/atbegshi-ltx.sty
Package: atbegshi-ltx 2021/01/10 v1.0c Emulation of the original atbegshi
package with kernel methods
)
\Hy@abspage=\count275
\c@Item=\count276
\c@Hfootnote=\count277
)
Package hyperref Info: Driver (autodetected): hxetex.

(/usr/share/texlive/texmf-dist/tex/latex/hyperref/hxetex.def
File: hxetex.def 2021-06-07 v7.00m Hyperref driver for XeTeX

(/usr/share/texlive/texmf-dist/tex/generic/stringenc/stringenc.sty
Package: stringenc 2019/11/29 v1.12 Convert strings between diff. encodings (HO
)
)
\pdfm@box=\box55
\c@Hy@AnnotLevel=\count278
\HyField@AnnotCount=\count279
\Fld@listcount=\count280
\c@bookmark@seq@number=\count281

(/usr/share/texlive/texmf-dist/tex/latex/rerunfilecheck/rerunfilecheck.sty
Package: rerunfilecheck 2019/12/05 v1.9 Rerun checks for auxiliary files (HO)

(/usr/share/texlive/texmf-dist/tex/latex/base/atveryend-ltx.sty
Package: atveryend-ltx 2020/08/19 v1.0a Emulation of the original atveryend pac
kage
with kernel methods
)
(/usr/share/texlive/texmf-dist/tex/generic/uniquecounter/uniquecounter.sty
Package: uniquecounter 2019/12/15 v1.4 Provide unlimited unique counter (HO)
)
Package uniquecounter Info: New unique counter `rerunfilecheck' on input line 2
86.
)
\Hy@SectionHShift=\skip53
)
(/usr/share/texlive/texmf-dist/tex/latex/l3backend/l3backend-xetex.def
File: l3backend-xetex.def 2022-01-12 L3 backend support: XeTeX

(|extractbb --version)
\c__kernel_sys_dvipdfmx_version_int=\count282
\l__color_backend_stack_int=\count283
\g__color_backend_stack_int=\count284
\g__graphics_track_int=\count285
\l__pdf_internal_box=\box56
\g__pdf_backend_object_int=\count286
\g__pdf_backend_annotation_int=\count287
\g__pdf_backend_link_int=\count288
) (./ProbabilityAndMeasure.aux)
\openout1 = `ProbabilityAndMeasure.aux'.

LaTeX Font Info:    Checking defaults for OML/cmm/m/it on input line 57.
LaTeX Font Info:    ... okay on input line 57.
LaTeX Font Info:    Checking defaults for OMS/cmsy/m/n on input line 57.
LaTeX Font Info:    ... okay on input line 57.
LaTeX Font Info:    Checking defaults for OT1/cmr/m/n on input line 57.
LaTeX Font Info:    ... okay on input line 57.
LaTeX Font Info:    Checking defaults for T1/cmr/m/n on input line 57.
LaTeX Font Info:    ... okay on input line 57.
LaTeX Font Info:    Checking defaults for TS1/cmr/m/n on input line 57.
LaTeX Font Info:    Trying to load font information for TS1+cmr on input line 5
7.

(/usr/share/texlive/texmf-dist/tex/latex/base/ts1cmr.fd
File: ts1cmr.fd 2019/12/16 v2.5j Standard LaTeX font definitions
)
LaTeX Font Info:    ... okay on input line 57.
LaTeX Font Info:    Checking defaults for TU/lmr/m/n on input line 57.
LaTeX Font Info:    ... okay on input line 57.
LaTeX Font Info:    Checking defaults for OMX/cmex/m/n on input line 57.
LaTeX Font Info:    ... okay on input line 57.
LaTeX Font Info:    Checking defaults for U/cmr/m/n on input line 57.
LaTeX Font Info:    ... okay on input line 57.
LaTeX Font Info:    Checking defaults for PD1/pdf/m/n on input line 57.
LaTeX Font Info:    ... okay on input line 57.
LaTeX Font Info:    Checking defaults for PU/pdf/m/n on input line 57.
LaTeX Font Info:    ... okay on input line 57.
Package hyperref Info: Link coloring OFF on input line 57.

(/usr/share/texlive/texmf-dist/tex/latex/hyperref/nameref.sty
Package: nameref 2021-04-02 v2.47 Cross-referencing by name of section

(/usr/share/texlive/texmf-dist/tex/latex/refcount/refcount.sty
Package: refcount 2019/12/15 v3.6 Data extraction from label references (HO)
)
(/usr/share/texlive/texmf-dist/tex/generic/gettitlestring/gettitlestring.sty
Package: gettitlestring 2019/12/15 v1.6 Cleanup title references (HO)
)
\c@section@level=\count289
)
LaTeX Info: Redefining \ref on input line 57.
LaTeX Info: Redefining \pageref on input line 57.
LaTeX Info: Redefining \nameref on input line 57.

(./ProbabilityAndMeasure.out) (./ProbabilityAndMeasure.out)
\@outlinefile=\write3
\openout3 = `ProbabilityAndMeasure.out'.

LaTeX Font Info:    Trying to load font information for U+msa on input line 59.


(/usr/share/texlive/texmf-dist/tex/latex/amsfonts/umsa.fd
File: umsa.fd 2013/01/14 v3.01 AMS symbols A
)
LaTeX Font Info:    Trying to load font information for U+msb on input line 59.


(/usr/share/texlive/texmf-dist/tex/latex/amsfonts/umsb.fd
File: umsb.fd 2013/01/14 v3.01 AMS symbols B
)
(./ProbabilityAndMeasure.toc [1

] [2] [3] [4])
\tf@toc=\write4
\openout4 = `ProbabilityAndMeasure.toc'.


Underfull \hbox (badness 10000) in paragraph at lines 63--66

 []

[5]
Underfull \hbox (badness 10000) in paragraph at lines 72--75

 []


Package amsmath Warning: Foreign command \atopwithdelims;
(amsmath)                \frac or \genfrac should be used instead
(amsmath)                 on input line 88.

[6]
Underfull \hbox (badness 10000) in paragraph at lines 100--106

 []


Underfull \hbox (badness 10000) in paragraph at lines 100--106

 []

[7]
Overfull \hbox (57.68405pt too wide) detected at line 135
[][] \OML/cmm/m/it/12 f\OT1/cmr/m/n/12 (\OML/cmm/m/it/12 !\OT1/cmr/m/n/12 )\OML
/cmm/m/it/12 d! \OT1/cmr/m/n/12 = [] \OML/cmm/m/it/12 c[]\OT1/cmr/m/n/12 (\OML/
cmm/m/it/12 x[] \OMS/cmsy/m/n/12 ^^@ \OML/cmm/m/it/12 x[]\OT1/cmr/m/n/12 ) \OMS
/cmsy/m/n/12 ^^U [] \OML/cmm/m/it/12 c[]\OT1/cmr/m/n/12 (\OML/cmm/m/it/12 x[] \
OMS/cmsy/m/n/12 ^^@ \OML/cmm/m/it/12 x[]\OT1/cmr/m/n/12 ) \OMS/cmsy/m/n/12 ^^U 
[] \OML/cmm/m/it/12 ^^K\OT1/cmr/m/n/12 (\OML/cmm/m/it/12 x[] \OMS/cmsy/m/n/12 ^
^@ \OML/cmm/m/it/12 x[]\OT1/cmr/m/n/12 ) = \OML/cmm/m/it/12 ^^K\U/msb/m/n/12 P 
[]
 []


Underfull \hbox (badness 10000) in paragraph at lines 146--152

 []


Underfull \hbox (badness 10000) in paragraph at lines 146--152

 []

[8]
Underfull \hbox (badness 10000) in paragraph at lines 153--158

 []


Underfull \hbox (badness 10000) in paragraph at lines 153--158

 []

[9]
Underfull \hbox (badness 10000) in paragraph at lines 175--179

 []


Underfull \hbox (badness 10000) in paragraph at lines 186--189

 []

[10]
Underfull \hbox (badness 10000) in paragraph at lines 207--211

 []

[11]
Underfull \hbox (badness 10000) in paragraph at lines 222--226

 []


Underfull \hbox (badness 10000) in paragraph at lines 240--246

 []


Underfull \hbox (badness 10000) in paragraph at lines 240--246

 []

[12]
Underfull \hbox (badness 10000) in paragraph at lines 262--265

 []

[13]

Package hyperref Warning: Token not allowed in a PDF string (Unicode):
(hyperref)                removing `math shift' on input line 284.


Package hyperref Warning: Token not allowed in a PDF string (Unicode):
(hyperref)                removing `math shift' on input line 284.


Underfull \hbox (badness 10000) in paragraph at lines 284--287

 []


Underfull \hbox (badness 10000) in paragraph at lines 289--293

 []

[14]
Overfull \hbox (34.20651pt too wide) in paragraph at lines 305--307
\T1/lmr/m/n/12 Note that $\OML/cmm/m/it/12 I[]$ \T1/lmr/m/n/12 cov-ers $[]$. Ta
ke $\OML/cmm/m/it/12 x \OMS/cmsy/m/n/12 2 []$\T1/lmr/m/n/12 . By def-i-ni-tion,
 we have $[]$
 []

[15]

Package hyperref Warning: Token not allowed in a PDF string (Unicode):
(hyperref)                removing `math shift' on input line 315.


Package hyperref Warning: Token not allowed in a PDF string (Unicode):
(hyperref)                removing `math shift' on input line 315.


Underfull \hbox (badness 10000) in paragraph at lines 321--325

 []

[16]
Underfull \hbox (badness 10000) in paragraph at lines 328--331

 []


Underfull \hbox (badness 10000) in paragraph at lines 343--347

 []


Overfull \hbox (22.48218pt too wide) detected at line 349
\OML/cmm/m/it/12 S[] \OT1/cmr/m/n/12 = []
 []


Overfull \hbox (53.37004pt too wide) detected at line 352
\OML/cmm/m/it/12 A[] \OT1/cmr/m/n/12 = []
 []

[17]
Underfull \hbox (badness 10000) in paragraph at lines 361--365

 []

[18]
Underfull \hbox (badness 10000) in paragraph at lines 391--394

 []

[19]
Underfull \hbox (badness 10000) in paragraph at lines 395--398

 []


Underfull \hbox (badness 10000) in paragraph at lines 399--402

 []


Package hyperref Warning: Token not allowed in a PDF string (Unicode):
(hyperref)                removing `math shift' on input line 404.


Package hyperref Warning: Token not allowed in a PDF string (Unicode):
(hyperref)                removing `subscript' on input line 404.


Package hyperref Warning: Token not allowed in a PDF string (Unicode):
(hyperref)                removing `math shift' on input line 404.

[20]
Overfull \hbox (4.17073pt too wide) detected at line 443
[][] \OML/cmm/m/it/12 s[]\OT1/cmr/m/n/12 (\OML/cmm/m/it/12 !\OT1/cmr/m/n/12 )\O
ML/cmm/m/it/12 d! \OT1/cmr/m/n/12 = \OML/cmm/m/it/12 M[]\OT1/cmr/m/n/12 (0) = \
OML/cmm/m/it/12 n [] \OT1/cmr/m/n/12 = \OML/cmm/m/it/12 n \OMS/cmsy/m/n/12 ^^C 
\OT1/cmr/m/n/12 1 = \OML/cmm/m/it/12 n
 []

[21]
Overfull \hbox (33.5807pt too wide) detected at line 462
\OT1/cmr/m/n/12 = [] [](\OML/cmm/m/it/12 ia[]\OT1/cmr/m/n/12 ) [] [] [] + [] []
(\OMS/cmsy/m/n/12 ^^@\OML/cmm/m/it/12 ia[]\OT1/cmr/m/n/12 ) [] [] []
 []


Overfull \hbox (67.60648pt too wide) detected at line 482
[] [][] [] [] \OML/cmm/m/it/12 d! \OT1/cmr/m/n/12 = [][] [] [] \OML/cmm/m/it/12
 d! \OT1/cmr/m/n/12 = [][] [] [] \OML/cmm/m/it/12 d!
 []

[22] [23]
Underfull \hbox (badness 10000) in paragraph at lines 525--530

 []


Underfull \hbox (badness 10000) in paragraph at lines 525--530

 []

[24]
Underfull \hbox (badness 10000) in paragraph at lines 533--538

 []


Underfull \hbox (badness 10000) in paragraph at lines 533--538

 []


Underfull \hbox (badness 10000) in paragraph at lines 539--544

 []


Underfull \hbox (badness 10000) in paragraph at lines 539--544

 []

[25]
Underfull \hbox (badness 10000) in paragraph at lines 562--566

 []

[26]
Underfull \hbox (badness 10000) in paragraph at lines 572--576

 []


Underfull \hbox (badness 10000) in paragraph at lines 577--580

 []

[27]
Underfull \hbox (badness 10000) in paragraph at lines 598--601

 []


Underfull \hbox (badness 10000) in paragraph at lines 607--611

 []

[28]
Underfull \hbox (badness 10000) in paragraph at lines 627--630

 []


Underfull \hbox (badness 10000) in paragraph at lines 631--634

 []


Underfull \hbox (badness 10000) in paragraph at lines 635--640

 []


Underfull \hbox (badness 10000) in paragraph at lines 635--640

 []

[29] [30]
Underfull \hbox (badness 10000) in paragraph at lines 680--683

 []

[31]
Underfull \hbox (badness 10000) in paragraph at lines 684--688

 []

[32]
Underfull \hbox (badness 10000) in paragraph at lines 704--708

 []


Underfull \hbox (badness 10000) in paragraph at lines 710--713

 []


Underfull \hbox (badness 10000) in paragraph at lines 715--718

 []


Underfull \hbox (badness 10000) in paragraph at lines 715--718

 []

[33]
Underfull \hbox (badness 10000) in paragraph at lines 727--731

 []

[34]
Underfull \hbox (badness 10000) in paragraph at lines 742--747

 []


Underfull \hbox (badness 10000) in paragraph at lines 742--747

 []

[35] [36] [37]

Package hyperref Warning: Token not allowed in a PDF string (Unicode):
(hyperref)                removing `math shift' on input line 817.


Package hyperref Warning: Token not allowed in a PDF string (Unicode):
(hyperref)                removing `\sigma' on input line 817.


Package hyperref Warning: Token not allowed in a PDF string (Unicode):
(hyperref)                removing `math shift' on input line 817.


Package hyperref Warning: Token not allowed in a PDF string (Unicode):
(hyperref)                removing `math shift' on input line 831.


Package hyperref Warning: Token not allowed in a PDF string (Unicode):
(hyperref)                removing `\sigma' on input line 831.


Package hyperref Warning: Token not allowed in a PDF string (Unicode):
(hyperref)                removing `math shift' on input line 831.

[38]

Package hyperref Warning: Token not allowed in a PDF string (Unicode):
(hyperref)                removing `math shift' on input line 841.


Package hyperref Warning: Token not allowed in a PDF string (Unicode):
(hyperref)                removing `\sigma' on input line 841.


Package hyperref Warning: Token not allowed in a PDF string (Unicode):
(hyperref)                removing `math shift' on input line 841.


Package hyperref Warning: Token not allowed in a PDF string (Unicode):
(hyperref)                removing `math shift' on input line 841.


Package hyperref Warning: Token not allowed in a PDF string (Unicode):
(hyperref)                removing `math shift' on input line 841.


Package hyperref Warning: Token not allowed in a PDF string (Unicode):
(hyperref)                removing `math shift' on input line 856.


Package hyperref Warning: Token not allowed in a PDF string (Unicode):
(hyperref)                removing `\sigma' on input line 856.


Package hyperref Warning: Token not allowed in a PDF string (Unicode):
(hyperref)                removing `math shift' on input line 856.


Package hyperref Warning: Token not allowed in a PDF string (Unicode):
(hyperref)                removing `math shift' on input line 856.


Package hyperref Warning: Token not allowed in a PDF string (Unicode):
(hyperref)                removing `superscript' on input line 856.


Package hyperref Warning: Token not allowed in a PDF string (Unicode):
(hyperref)                removing `math shift' on input line 856.


Package hyperref Warning: Token not allowed in a PDF string (Unicode):
(hyperref)                removing `math shift' on input line 862.


Package hyperref Warning: Token not allowed in a PDF string (Unicode):
(hyperref)                removing `\sigma' on input line 862.


Package hyperref Warning: Token not allowed in a PDF string (Unicode):
(hyperref)                removing `math shift' on input line 862.

[39]
Underfull \hbox (badness 10000) in paragraph at lines 882--887

 []


Underfull \hbox (badness 10000) in paragraph at lines 882--887

 []


Underfull \hbox (badness 10000) in paragraph at lines 888--891

 []

[40]
Underfull \hbox (badness 10000) in paragraph at lines 896--899

 []


Underfull \hbox (badness 10000) in paragraph at lines 905--914

 []


Underfull \hbox (badness 10000) in paragraph at lines 905--914

 []


Underfull \hbox (badness 10000) in paragraph at lines 905--914

 []


Underfull \hbox (badness 10000) in paragraph at lines 905--914

 []

[41]
Underfull \hbox (badness 10000) in paragraph at lines 915--918

 []


Package hyperref Warning: Token not allowed in a PDF string (Unicode):
(hyperref)                removing `math shift' on input line 920.


Package hyperref Warning: Token not allowed in a PDF string (Unicode):
(hyperref)                removing `\sigma' on input line 920.


Package hyperref Warning: Token not allowed in a PDF string (Unicode):
(hyperref)                removing `math shift' on input line 920.


Underfull \hbox (badness 10000) in paragraph at lines 920--923

 []

[42]
Underfull \hbox (badness 10000) in paragraph at lines 937--941

 []


Underfull \hbox (badness 10000) in paragraph at lines 943--947

 []

[43]
Underfull \hbox (badness 10000) in paragraph at lines 959--962

 []


Underfull \hbox (badness 10000) in paragraph at lines 966--969

 []


Underfull \hbox (badness 10000) in paragraph at lines 973--976

 []


Package hyperref Warning: Token not allowed in a PDF string (Unicode):
(hyperref)                removing `math shift' on input line 978.


Package hyperref Warning: Token not allowed in a PDF string (Unicode):
(hyperref)                removing `\sigma' on input line 978.


Package hyperref Warning: Token not allowed in a PDF string (Unicode):
(hyperref)                removing `math shift' on input line 978.


Underfull \hbox (badness 10000) in paragraph at lines 978--991

 []


Underfull \hbox (badness 10000) in paragraph at lines 978--991

 []


Underfull \hbox (badness 10000) in paragraph at lines 978--991

 []


Underfull \hbox (badness 10000) in paragraph at lines 978--991

 []


Underfull \hbox (badness 10000) in paragraph at lines 978--991

 []


Underfull \hbox (badness 10000) in paragraph at lines 978--991

 []

[44] [45]

Package hyperref Warning: Token not allowed in a PDF string (Unicode):
(hyperref)                removing `math shift' on input line 996.


Package hyperref Warning: Token not allowed in a PDF string (Unicode):
(hyperref)                removing `subscript' on input line 996.


Package hyperref Warning: Token not allowed in a PDF string (Unicode):
(hyperref)                removing `math shift' on input line 996.


Package hyperref Warning: Token not allowed in a PDF string (Unicode):
(hyperref)                removing `math shift' on input line 996.


Package hyperref Warning: Token not allowed in a PDF string (Unicode):
(hyperref)                removing `subscript' on input line 996.


Package hyperref Warning: Token not allowed in a PDF string (Unicode):
(hyperref)                removing `math shift' on input line 996.


Underfull \hbox (badness 10000) in paragraph at lines 996--1001

 []


Underfull \hbox (badness 10000) in paragraph at lines 996--1001

 []

[46]
Underfull \hbox (badness 10000) in paragraph at lines 1027--1031

 []


Underfull \hbox (badness 10000) in paragraph at lines 1039--1043

 []

[47]
Overfull \hbox (51.12727pt too wide) detected at line 1045
\OML/cmm/m/it/12 D\OT1/cmr/m/n/12 (\OML/cmm/m/it/12 A \OMS/cmsy/m/n/12 [ \OML/c
mm/m/it/12 B\OT1/cmr/m/n/12 ) = [] \OML/cmm/m/it/12 P[]\OT1/cmr/m/n/12 (\OML/cm
m/m/it/12 A \OMS/cmsy/m/n/12 [ \OML/cmm/m/it/12 B\OT1/cmr/m/n/12 ) = [] \OML/cm
m/m/it/12 P[]\OT1/cmr/m/n/12 (\OML/cmm/m/it/12 A\OT1/cmr/m/n/12 ) + \OML/cmm/m/
it/12 P[]\OT1/cmr/m/n/12 (\OML/cmm/m/it/12 B\OT1/cmr/m/n/12 ) = [] \OML/cmm/m/i
t/12 P[]\OT1/cmr/m/n/12 (\OML/cmm/m/it/12 A\OT1/cmr/m/n/12 ) + [] \OML/cmm/m/it
/12 P[]\OT1/cmr/m/n/12 (\OML/cmm/m/it/12 B\OT1/cmr/m/n/12 ) = \OML/cmm/m/it/12 
D\OT1/cmr/m/n/12 (\OML/cmm/m/it/12 A\OT1/cmr/m/n/12 ) + \OML/cmm/m/it/12 D\OT1/
cmr/m/n/12 (\OML/cmm/m/it/12 B\OT1/cmr/m/n/12 )
 []


Underfull \hbox (badness 10000) in paragraph at lines 1053--1059

 []


Underfull \hbox (badness 10000) in paragraph at lines 1053--1059

 []


Underfull \hbox (badness 10000) in paragraph at lines 1069--1073

 []

[48]
Underfull \hbox (badness 10000) in paragraph at lines 1103--1107

 []

[49]
Underfull \hbox (badness 10000) in paragraph at lines 1136--1140

 []

[50]
Underfull \hbox (badness 10000) in paragraph at lines 1142--1146

 []


Overfull \hbox (85.83473pt too wide) detected at line 1150
[] [] \OML/cmm/m/it/12 A[] [] A[] \OMS/cmsy/m/n/12 2 M [] \OML/cmm/m/it/12 A[] 
\OMS/cmsy/m/n/12 2 M []  [] \OML/cmm/m/it/12 A[] []
 []


Underfull \hbox (badness 10000) in paragraph at lines 1163--1167

 []

[51]
Underfull \hbox (badness 10000) in paragraph at lines 1169--1175

 []


Underfull \hbox (badness 10000) in paragraph at lines 1169--1175

 []


Overfull \hbox (65.29805pt too wide) detected at line 1181
\OML/cmm/m/it/12 D\OT1/cmr/m/n/12 (\OML/cmm/m/it/12 A \OMS/cmsy/m/n/12 ^^@ \OML
/cmm/m/it/12 B\OT1/cmr/m/n/12 ) = \OML/cmm/m/it/12 D\OT1/cmr/m/n/12 (\OML/cmm/m
/it/12 A \OMS/cmsy/m/n/12 \ \OML/cmm/m/it/12 B[]\OT1/cmr/m/n/12 ) = \OML/cmm/m/
it/12 D\OT1/cmr/m/n/12 ((\OML/cmm/m/it/12 A[] \OMS/cmsy/m/n/12 [ \OML/cmm/m/it/
12 B\OT1/cmr/m/n/12 )[]) = 1 \OMS/cmsy/m/n/12 ^^@ \OML/cmm/m/it/12 D\OT1/cmr/m/
n/12 (\OML/cmm/m/it/12 A[] \OMS/cmsy/m/n/12 [ \OML/cmm/m/it/12 B\OT1/cmr/m/n/12
 ) = 1 \OMS/cmsy/m/n/12 ^^@ \OML/cmm/m/it/12 D\OT1/cmr/m/n/12 (\OML/cmm/m/it/12
 A[]\OT1/cmr/m/n/12 ) \OMS/cmsy/m/n/12 ^^@ \OML/cmm/m/it/12 D\OT1/cmr/m/n/12 (\
OML/cmm/m/it/12 B\OT1/cmr/m/n/12 ) = \OML/cmm/m/it/12 D\OT1/cmr/m/n/12 (\OML/cm
m/m/it/12 A\OT1/cmr/m/n/12 ) \OMS/cmsy/m/n/12 ^^@ \OML/cmm/m/it/12 D\OT1/cmr/m/
n/12 (\OML/cmm/m/it/12 B\OT1/cmr/m/n/12 )
 []

[52]
Underfull \hbox (badness 10000) in paragraph at lines 1205--1208

 []


Underfull \hbox (badness 10000) in paragraph at lines 1210--1213

 []

[53]
Underfull \hbox (badness 10000) in paragraph at lines 1227--1231

 []


Underfull \hbox (badness 10000) in paragraph at lines 1236--1239

 []


Underfull \hbox (badness 10000) in paragraph at lines 1240--1245

 []


Underfull \hbox (badness 10000) in paragraph at lines 1240--1245

 []

[54]
Overfull \hbox (13.78857pt too wide) detected at line 1248
\OMS/cmsy/m/n/12 H[] \OT1/cmr/m/n/12 = \OMS/cmsy/m/n/12 f;g   H[] \OT1/cmr/m/n/
12 = []
 []


Overfull \hbox (24.45088pt too wide) in paragraph at lines 1248--1252
\T1/lmr/m/n/12 We de-fine $\OML/cmm/m/it/12 H[]$ \T1/lmr/m/n/12 above in the fo
l-low-ing way. We let $\OML/cmm/m/it/12 h[] \OT1/cmr/m/n/12 = [] []$\T1/lmr/m/n
/12 ,
 []


Underfull \hbox (badness 10000) in paragraph at lines 1248--1252

 []


Underfull \hbox (badness 10000) in paragraph at lines 1255--1259

 []

[55]
Underfull \hbox (badness 10000) in paragraph at lines 1272--1275

 []


Underfull \hbox (badness 10000) in paragraph at lines 1280--1287

 []


Underfull \hbox (badness 10000) in paragraph at lines 1280--1287

 []


Underfull \hbox (badness 10000) in paragraph at lines 1280--1287

 []

[56]
Underfull \hbox (badness 10000) in paragraph at lines 1298--1303

 []


Underfull \hbox (badness 10000) in paragraph at lines 1298--1303

 []

[57] [58]
Underfull \hbox (badness 10000) in paragraph at lines 1352--1355

 []

[59] [60]
Underfull \hbox (badness 10000) in paragraph at lines 1413--1417

 []

[61]

Package hyperref Warning: Token not allowed in a PDF string (Unicode):
(hyperref)                removing `math shift' on input line 1446.


Package hyperref Warning: Token not allowed in a PDF string (Unicode):
(hyperref)                removing `\pi' on input line 1446.


Package hyperref Warning: Token not allowed in a PDF string (Unicode):
(hyperref)                removing `\lambda' on input line 1446.


Package hyperref Warning: Token not allowed in a PDF string (Unicode):
(hyperref)                removing `math shift' on input line 1446.


Underfull \hbox (badness 10000) in paragraph at lines 1458--1463

 []


Underfull \hbox (badness 10000) in paragraph at lines 1458--1463

 []

[62]
Underfull \hbox (badness 10000) in paragraph at lines 1466--1469

 []


Underfull \hbox (badness 10000) in paragraph at lines 1471--1476

 []


Underfull \hbox (badness 10000) in paragraph at lines 1483--1487

 []

[63]
Underfull \hbox (badness 10000) in paragraph at lines 1493--1497

 []


Underfull \hbox (badness 10000) in paragraph at lines 1498--1501

 []


Underfull \hbox (badness 10000) in paragraph at lines 1503--1509

 []


Underfull \hbox (badness 10000) in paragraph at lines 1503--1509

 []

[64]
Underfull \hbox (badness 10000) in paragraph at lines 1514--1517

 []

[65]
Underfull \hbox (badness 10000) in paragraph at lines 1530--1534

 []


Underfull \hbox (badness 10000) in paragraph at lines 1535--1538

 []

[66]
Underfull \hbox (badness 10000) in paragraph at lines 1540--1544

 []


Overfull \hbox (41.60138pt too wide) detected at line 1559
\OML/cmm/m/it/12 ^^U [] \OT1/cmr/m/n/12 = \OML/cmm/m/it/12 ^^U [] \OT1/cmr/m/n/
12 = [] \OML/cmm/m/it/12 ^^U\OT1/cmr/m/n/12 (\OML/cmm/m/it/12 A[] \OMS/cmsy/m/n
/12 ^^H \OML/cmm/m/it/12 x\OT1/cmr/m/n/12 ) = [] \OML/cmm/m/it/12 ^^U\OT1/cmr/m
/n/12 (\OML/cmm/m/it/12 A[]\OT1/cmr/m/n/12 ) = \OML/cmm/m/it/12 ^^U []
 []


Underfull \hbox (badness 10000) in paragraph at lines 1563--1568

 []


Underfull \hbox (badness 10000) in paragraph at lines 1563--1568

 []

[67]
Underfull \hbox (badness 10000) in paragraph at lines 1583--1586

 []

[68]
Overfull \hbox (27.98921pt too wide) detected at line 1594
[] \OML/cmm/m/it/12 P\OT1/cmr/m/n/12 (\OML/cmm/m/it/12 A[]\OT1/cmr/m/n/12 ) \OM
S/cmsy/m/n/12 ^^T \OML/cmm/m/it/12 P\OT1/cmr/m/n/12 (\OML/cmm/m/it/12 A\OT1/cmr
/m/n/12 )  =[]\OMS/cmsy/m/n/12 )  [] \OML/cmm/m/it/12 P\OT1/cmr/m/n/12 (\OML/cm
m/m/it/12 A[]\OT1/cmr/m/n/12 ) \OMS/cmsy/m/n/12 ^^T \OML/cmm/m/it/12 P\OT1/cmr/
m/n/12 (\OML/cmm/m/it/12 A\OT1/cmr/m/n/12 )  =[]\OMS/cmsy/m/n/12 )  \OML/cmm/m/
it/12 P [] \OMS/cmsy/m/n/12 ^^U [] \OML/cmm/m/it/12 P\OT1/cmr/m/n/12 (\OML/cmm/
m/it/12 A[]\OT1/cmr/m/n/12 )
 []


Underfull \hbox (badness 10000) in paragraph at lines 1601--1604

 []


Underfull \hbox (badness 10000) in paragraph at lines 1615--1619

 []


Overfull \hbox (25.21707pt too wide) detected at line 1622
\OML/cmm/m/it/12 P[]\OT1/cmr/m/n/12 (\OML/cmm/m/it/12 A\OT1/cmr/m/n/12 ) = [] [
] \OMS/cmsy/m/n/12 ^^U [] []
 []

[69]
Overfull \hbox (15.11319pt too wide) detected at line 1627
\OML/cmm/m/it/12 P\OT1/cmr/m/n/12 (\OML/cmm/m/it/12 B\OT1/cmr/m/n/12 ) = \OML/c
mm/m/it/12 P[]\OT1/cmr/m/n/12 (\OML/cmm/m/it/12 B\OT1/cmr/m/n/12 ) = \OML/cmm/m
/it/12 P[]\OT1/cmr/m/n/12 (\OML/cmm/m/it/12 A \OMS/cmsy/m/n/12 \ \OML/cmm/m/it/
12 B\OT1/cmr/m/n/12 ) + \OML/cmm/m/it/12 P[]\OT1/cmr/m/n/12 (\OML/cmm/m/it/12 A
[] \OMS/cmsy/m/n/12 \ \OML/cmm/m/it/12 B\OT1/cmr/m/n/12 )  =[]\OMS/cmsy/m/n/12 
)  \OML/cmm/m/it/12 P\OT1/cmr/m/n/12 (\OML/cmm/m/it/12 B\OT1/cmr/m/n/12 ) = \OM
L/cmm/m/it/12 P[]\OT1/cmr/m/n/12 (\OML/cmm/m/it/12 A\OT1/cmr/m/n/12 ) + \OML/cm
m/m/it/12 P[]\OT1/cmr/m/n/12 (\OML/cmm/m/it/12 A[] \OMS/cmsy/m/n/12 \ \OML/cmm/
m/it/12 B\OT1/cmr/m/n/12 )
 []


Overfull \hbox (3.97298pt too wide) detected at line 1647
\OT1/cmr/m/n/12 = [] [] = [] []
 []

[70]
Underfull \hbox (badness 10000) in paragraph at lines 1686--1689

 []


Underfull \hbox (badness 10000) in paragraph at lines 1693--1696

 []

[71]
Underfull \hbox (badness 10000) in paragraph at lines 1710--1715

 []


Underfull \hbox (badness 10000) in paragraph at lines 1710--1715

 []

[72]
Underfull \hbox (badness 10000) in paragraph at lines 1730--1733

 []


Underfull \hbox (badness 10000) in paragraph at lines 1736--1740

 []

[73]
Underfull \hbox (badness 10000) in paragraph at lines 1754--1757

 []


Underfull \hbox (badness 10000) in paragraph at lines 1763--1769

 []


Underfull \hbox (badness 10000) in paragraph at lines 1763--1769

 []


Underfull \hbox (badness 10000) in paragraph at lines 1788--1792

 []

[74]
Underfull \hbox (badness 10000) in paragraph at lines 1807--1811

 []


Underfull \hbox (badness 10000) in paragraph at lines 1819--1822

 []

[75]
Underfull \hbox (badness 10000) in paragraph at lines 1833--1837

 []


Overfull \hbox (17.12239pt too wide) detected at line 1846
\OML/cmm/m/it/12 P[]\OT1/cmr/m/n/12 (\OML/cmm/m/it/12 E\OT1/cmr/m/n/12 ) = 1 \O
MS/cmsy/m/n/12 ^^@ \OML/cmm/m/it/12 P[]\OT1/cmr/m/n/12 (\OML/cmm/m/it/12 E[]\OT
1/cmr/m/n/12 ) = 1 \OMS/cmsy/m/n/12 ^^@ \OML/cmm/m/it/12 P[]\OT1/cmr/m/n/12 (\O
ML/cmm/m/it/12 E[] \OMS/cmsy/m/n/12 \ \OML/cmm/m/it/12 A\OT1/cmr/m/n/12 ) \OMS/
cmsy/m/n/12 ^^@ \OML/cmm/m/it/12 P[]\OT1/cmr/m/n/12 (\OML/cmm/m/it/12 E[] \OMS/
cmsy/m/n/12 \ \OML/cmm/m/it/12 A[]\OT1/cmr/m/n/12 ) = 1 \OMS/cmsy/m/n/12 ^^@ \O
ML/cmm/m/it/12 P[]\OT1/cmr/m/n/12 (\OML/cmm/m/it/12 A \OMS/cmsy/m/n/12 ^^@ \OML
/cmm/m/it/12 E\OT1/cmr/m/n/12 ) \OMS/cmsy/m/n/12 ^^@ \OML/cmm/m/it/12 P[]\OT1/c
mr/m/n/12 (\OML/cmm/m/it/12 A[]\OT1/cmr/m/n/12 )
 []

[76]
Underfull \hbox (badness 10000) in paragraph at lines 1886--1889

 []


Overfull \hbox (32.1364pt too wide) detected at line 1893
\OML/cmm/m/it/12 Q\OT1/cmr/m/n/12 (\OMS/cmsy/m/n/12 [\OML/cmm/m/it/12 C[]\OT1/c
mr/m/n/12 ) = \OML/cmm/m/it/12 Q [] \OT1/cmr/m/n/12 = \OML/cmm/m/it/12 Q []
 []

[77]
Underfull \hbox (badness 10000) in paragraph at lines 1926--1930

 []


Underfull \hbox (badness 10000) in paragraph at lines 1933--1940

 []


Underfull \hbox (badness 10000) in paragraph at lines 1933--1940

 []


Underfull \hbox (badness 10000) in paragraph at lines 1933--1940

 []

[78]
Underfull \hbox (badness 10000) in paragraph at lines 1949--1955

 []


Underfull \hbox (badness 10000) in paragraph at lines 1949--1955

 []


Underfull \hbox (badness 10000) in paragraph at lines 1956--1961

 []


Underfull \hbox (badness 10000) in paragraph at lines 1956--1961

 []

[79]
Underfull \hbox (badness 10000) in paragraph at lines 1986--1991

 []


Underfull \hbox (badness 10000) in paragraph at lines 1986--1991

 []

[80]

Package hyperref Warning: Token not allowed in a PDF string (Unicode):
(hyperref)                removing `math shift' on input line 2007.


Package hyperref Warning: Token not allowed in a PDF string (Unicode):
(hyperref)                removing `\lambda' on input line 2007.


Package hyperref Warning: Token not allowed in a PDF string (Unicode):
(hyperref)                removing `\cap' on input line 2007.


Package hyperref Warning: Token not allowed in a PDF string (Unicode):
(hyperref)                removing `\lambda' on input line 2007.


Package hyperref Warning: Token not allowed in a PDF string (Unicode):
(hyperref)                removing `math shift' on input line 2007.


Package hyperref Warning: Token not allowed in a PDF string (Unicode):
(hyperref)                removing `math shift' on input line 2007.


Package hyperref Warning: Token not allowed in a PDF string (Unicode):
(hyperref)                removing `math shift' on input line 2007.


Underfull \hbox (badness 10000) in paragraph at lines 2014--2019

 []


Underfull \hbox (badness 10000) in paragraph at lines 2014--2019

 []

[81]
Overfull \hbox (13.90274pt too wide) in paragraph at lines 2028--2035
\T1/lmr/m/n/12 end-points. Con-struct dis-joint, nowhere dense Borel sets $\OML
/cmm/m/it/12 A[]; B[]; A[]; B[]; [] $
 []


Underfull \hbox (badness 10000) in paragraph at lines 2028--2035

 []


Underfull \hbox (badness 10000) in paragraph at lines 2028--2035

 []


Underfull \hbox (badness 10000) in paragraph at lines 2028--2035

 []

[82]

Package hyperref Warning: Token not allowed in a PDF string (Unicode):
(hyperref)                removing `math shift' on input line 2063.


Package hyperref Warning: Token not allowed in a PDF string (Unicode):
(hyperref)                removing `\lambda' on input line 2063.


Package hyperref Warning: Token not allowed in a PDF string (Unicode):
(hyperref)                removing `\leq' on input line 2063.


Package hyperref Warning: Token not allowed in a PDF string (Unicode):
(hyperref)                removing `\lambda' on input line 2063.


Package hyperref Warning: Token not allowed in a PDF string (Unicode):
(hyperref)                removing `\cap' on input line 2063.


Package hyperref Warning: Token not allowed in a PDF string (Unicode):
(hyperref)                removing `\leq' on input line 2063.


Package hyperref Warning: Token not allowed in a PDF string (Unicode):
(hyperref)                removing `\lambda' on input line 2063.


Package hyperref Warning: Token not allowed in a PDF string (Unicode):
(hyperref)                removing `math shift' on input line 2063.


Underfull \hbox (badness 10000) in paragraph at lines 2065--2068

 []

[83]
Overfull \hbox (2.32024pt too wide) detected at line 2075
\OML/cmm/m/it/12 ^^U\OT1/cmr/m/n/12 (\OML/cmm/m/it/12 A\OT1/cmr/m/n/12 ) = \OML
/cmm/m/it/12 ^^U[]\OT1/cmr/m/n/12 (\OML/cmm/m/it/12 A\OT1/cmr/m/n/12 ) = [] [] 
\OML/cmm/m/it/12 P\OT1/cmr/m/n/12 (\OML/cmm/m/it/12 A[]\OT1/cmr/m/n/12 ) [] \OM
L/cmm/m/it/12 A \OMS/cmsy/m/n/12 ^^R [] \OML/cmm/m/it/12 A[] [] A[] \OMS/cmsy/m
/n/12 2 B[]
 []


Underfull \hbox (badness 10000) in paragraph at lines 2079--2083

 []


Overfull \hbox (28.59282pt too wide) detected at line 2087
\OML/cmm/m/it/12 ^^U\OT1/cmr/m/n/12 (\OML/cmm/m/it/12 G\OT1/cmr/m/n/12 ) \OML/c
mm/m/it/12 < b[]^^U\OT1/cmr/m/n/12 (\OML/cmm/m/it/12 A\OT1/cmr/m/n/12 )  =[]\OM
S/cmsy/m/n/12 )  [] \OML/cmm/m/it/12 ^^U\OT1/cmr/m/n/12 (\OML/cmm/m/it/12 I[]\O
T1/cmr/m/n/12 ) \OML/cmm/m/it/12 < b[]^^U\OT1/cmr/m/n/12 (\OML/cmm/m/it/12 A\OT
1/cmr/m/n/12 )  =[]\OMS/cmsy/m/n/12 )  \OML/cmm/m/it/12 b[] [] ^^U\OT1/cmr/m/n/
12 (\OML/cmm/m/it/12 A \OMS/cmsy/m/n/12 \ \OML/cmm/m/it/12 I[]\OT1/cmr/m/n/12 )
 \OML/cmm/m/it/12 < b[]^^U\OT1/cmr/m/n/12 (\OML/cmm/m/it/12 A\OT1/cmr/m/n/12 )
 []


Underfull \hbox (badness 10000) in paragraph at lines 2093--2096

 []

[84]
Underfull \hbox (badness 10000) in paragraph at lines 2114--2117

 []

[85]
Underfull \hbox (badness 10000) in paragraph at lines 2133--2139

 []


Underfull \hbox (badness 10000) in paragraph at lines 2133--2139

 []

[86]
Underfull \hbox (badness 10000) in paragraph at lines 2162--2166

 []


Underfull \hbox (badness 10000) in paragraph at lines 2174--2178

 []


Overfull \hbox (10.05016pt too wide) in paragraph at lines 2181--2183
\T1/lmr/m/n/12 Recall, that if $[][] \U/msb/m/n/12 P\OT1/cmr/m/n/12 (\OML/cmm/m
/it/12 A[]\OT1/cmr/m/n/12 ) = [][] \U/msb/m/n/12 P\OT1/cmr/m/n/12 (\OML/cmm/m/i
t/12 A[]\OT1/cmr/m/n/12 )$\T1/lmr/m/n/12 , then they both equal $[] \OML/cmm/m/
it/12 P\OT1/cmr/m/n/12 (\OML/cmm/m/it/12 A[]\OT1/cmr/m/n/12 )$\T1/lmr/m/n/12 ,
 []

[87]
Underfull \hbox (badness 10000) in paragraph at lines 2209--2213

 []

[88]
Underfull \hbox (badness 10000) in paragraph at lines 2215--2219

 []

[89]
Underfull \hbox (badness 10000) in paragraph at lines 2254--2257

 []

[90]
Underfull \hbox (badness 10000) in paragraph at lines 2265--2269

 []


Underfull \hbox (badness 10000) in paragraph at lines 2278--2282

 []


Underfull \hbox (badness 10000) in paragraph at lines 2290--2293

 []

[91]
Underfull \hbox (badness 10000) in paragraph at lines 2300--2303

 []


Underfull \hbox (badness 10000) in paragraph at lines 2304--2307

 []

[92]
Underfull \hbox (badness 10000) in paragraph at lines 2311--2317

 []


Underfull \hbox (badness 10000) in paragraph at lines 2311--2317

 []

[93]
Underfull \hbox (badness 10000) in paragraph at lines 2338--2342

 []


Underfull \hbox (badness 10000) in paragraph at lines 2343--2346

 []

[94]
Underfull \hbox (badness 10000) in paragraph at lines 2363--2369

 []


Underfull \hbox (badness 10000) in paragraph at lines 2363--2369

 []

[95]
Overfull \hbox (12.51962pt too wide) detected at line 2405
\OT1/cmr/m/n/12 [\OML/cmm/m/it/12 ! \OT1/cmr/m/n/12 : \OML/cmm/m/it/12 l[]\OT1/
cmr/m/n/12 (\OML/cmm/m/it/12 !\OT1/cmr/m/n/12 ) \OMS/cmsy/m/n/12 ^^U \OML/cmm/m
/it/12 r[][]\OT1/cmr/m/n/12 ] = [] [][\OML/cmm/m/it/12 w \OT1/cmr/m/n/12 : \OML
/cmm/m/it/12 l[]\OT1/cmr/m/n/12 (\OML/cmm/m/it/12 !\OT1/cmr/m/n/12 ) \OMS/cmsy/
m/n/12 ^^U \OML/cmm/m/it/12 r[]\OT1/cmr/m/n/12 ] = [] [] \OML/cmm/m/it/12 H[] \
OMS/cmsy/m/n/12 \ \OML/cmm/m/it/12 H[] \OMS/cmsy/m/n/12 \ [] \ \OML/cmm/m/it/12
 H[]
 []


Underfull \hbox (badness 10000) in paragraph at lines 2408--2411

 []

[96]
Underfull \hbox (badness 10000) in paragraph at lines 2419--2423

 []


Underfull \hbox (badness 10000) in paragraph at lines 2429--2439

 []


Underfull \hbox (badness 10000) in paragraph at lines 2429--2439

 []


Underfull \hbox (badness 10000) in paragraph at lines 2429--2439

 []


Underfull \hbox (badness 10000) in paragraph at lines 2429--2439

 []

[97]

Package hyperref Warning: Token not allowed in a PDF string (Unicode):
(hyperref)                removing `math shift' on input line 2449.


Package hyperref Warning: Token not allowed in a PDF string (Unicode):
(hyperref)                removing `\mathop' on input line 2449.


Package hyperref Warning: Token not allowed in a PDF string (Unicode):
(hyperref)                removing `\mathgroup' on input line 2449.


Package hyperref Warning: Token not allowed in a PDF string (Unicode):
(hyperref)                removing `\symoperators' on input line 2449.


Package hyperref Warning: Token not allowed in a PDF string (Unicode):
(hyperref)                removing `\leavevmode@ifvmode' on input line 2449.


Package hyperref Warning: Token not allowed in a PDF string (Unicode):
(hyperref)                \kern 1.95871pt
(hyperref)                removed on input line 2449.


Package hyperref Warning: Token not allowed in a PDF string (Unicode):
(hyperref)                removing `\nmlimits@' on input line 2449.


Package hyperref Warning: Token not allowed in a PDF string (Unicode):
(hyperref)                removing `math shift' on input line 2449.


Package hyperref Warning: Token not allowed in a PDF string (Unicode):
(hyperref)                removing `math shift' on input line 2449.


Package hyperref Warning: Token not allowed in a PDF string (Unicode):
(hyperref)                removing `\mathop' on input line 2449.


Package hyperref Warning: Token not allowed in a PDF string (Unicode):
(hyperref)                removing `\mathgroup' on input line 2449.


Package hyperref Warning: Token not allowed in a PDF string (Unicode):
(hyperref)                removing `\symoperators' on input line 2449.


Package hyperref Warning: Token not allowed in a PDF string (Unicode):
(hyperref)                removing `\leavevmode@ifvmode' on input line 2449.


Package hyperref Warning: Token not allowed in a PDF string (Unicode):
(hyperref)                \kern 1.95871pt
(hyperref)                removed on input line 2449.


Package hyperref Warning: Token not allowed in a PDF string (Unicode):
(hyperref)                removing `\nmlimits@' on input line 2449.


Package hyperref Warning: Token not allowed in a PDF string (Unicode):
(hyperref)                removing `math shift' on input line 2449.


Underfull \hbox (badness 10000) in paragraph at lines 2454--2458

 []

[98]
Underfull \hbox (badness 10000) in paragraph at lines 2464--2468

 []


Underfull \hbox (badness 10000) in paragraph at lines 2479--2491

 []


Underfull \hbox (badness 10000) in paragraph at lines 2479--2491

 []


Underfull \hbox (badness 10000) in paragraph at lines 2479--2491

 []


Underfull \hbox (badness 10000) in paragraph at lines 2479--2491

 []


Underfull \hbox (badness 10000) in paragraph at lines 2479--2491

 []

[99]

Package hyperref Warning: Token not allowed in a PDF string (Unicode):
(hyperref)                removing `math shift' on input line 2492.


Package hyperref Warning: Token not allowed in a PDF string (Unicode):
(hyperref)                removing `\mathop' on input line 2492.


Package hyperref Warning: Token not allowed in a PDF string (Unicode):
(hyperref)                removing `\mathgroup' on input line 2492.


Package hyperref Warning: Token not allowed in a PDF string (Unicode):
(hyperref)                removing `\symoperators' on input line 2492.


Package hyperref Warning: Token not allowed in a PDF string (Unicode):
(hyperref)                removing `\leavevmode@ifvmode' on input line 2492.


Package hyperref Warning: Token not allowed in a PDF string (Unicode):
(hyperref)                \kern 1.95871pt
(hyperref)                removed on input line 2492.


Package hyperref Warning: Token not allowed in a PDF string (Unicode):
(hyperref)                removing `\nmlimits@' on input line 2492.


Package hyperref Warning: Token not allowed in a PDF string (Unicode):
(hyperref)                removing `math shift' on input line 2492.


Package hyperref Warning: Token not allowed in a PDF string (Unicode):
(hyperref)                removing `math shift' on input line 2492.


Package hyperref Warning: Token not allowed in a PDF string (Unicode):
(hyperref)                removing `\mathop' on input line 2492.


Package hyperref Warning: Token not allowed in a PDF string (Unicode):
(hyperref)                removing `\mathgroup' on input line 2492.


Package hyperref Warning: Token not allowed in a PDF string (Unicode):
(hyperref)                removing `\symoperators' on input line 2492.


Package hyperref Warning: Token not allowed in a PDF string (Unicode):
(hyperref)                removing `\leavevmode@ifvmode' on input line 2492.


Package hyperref Warning: Token not allowed in a PDF string (Unicode):
(hyperref)                \kern 1.95871pt
(hyperref)                removed on input line 2492.


Package hyperref Warning: Token not allowed in a PDF string (Unicode):
(hyperref)                removing `\nmlimits@' on input line 2492.


Package hyperref Warning: Token not allowed in a PDF string (Unicode):
(hyperref)                removing `math shift' on input line 2492.

File: problem-4.3.a.jpg Graphic file (type bmp)
<problem-4.3.a.jpg>
[100]
Underfull \hbox (badness 10000) in paragraph at lines 2530--2534

 []


Overfull \hbox (27.43735pt too wide) in paragraph at lines 2537--2542
\T1/lmr/m/n/12 For events $\OML/cmm/m/it/12 A[]; []  ; A[]$ \T1/lmr/m/n/12 con-
sider the $\OT1/cmr/m/n/12 2[]$ \T1/lmr/m/n/12 equa-tions $\OML/cmm/m/it/12 P\O
T1/cmr/m/n/12 (\OML/cmm/m/it/12 B[] \OMS/cmsy/m/n/12 \ [] \ \OML/cmm/m/it/12 B[
]\OT1/cmr/m/n/12 ) = \OML/cmm/m/it/12 P\OT1/cmr/m/n/12 (\OML/cmm/m/it/12 B[]\OT
1/cmr/m/n/12 ) [] \OML/cmm/m/it/12 P\OT1/cmr/m/n/12 (\OML/cmm/m/it/12 B[]\OT1/c
mr/m/n/12 )$
 []


Underfull \hbox (badness 10000) in paragraph at lines 2537--2542

 []


Underfull \hbox (badness 10000) in paragraph at lines 2537--2542

 []

[101]

Package hyperref Warning: Token not allowed in a PDF string (Unicode):
(hyperref)                removing `math shift' on input line 2554.


Package hyperref Warning: Token not allowed in a PDF string (Unicode):
(hyperref)                removing `math shift' on input line 2554.


Package hyperref Warning: Token not allowed in a PDF string (Unicode):
(hyperref)                removing `math shift' on input line 2554.


Package hyperref Warning: Token not allowed in a PDF string (Unicode):
(hyperref)                removing `\Omega' on input line 2554.


Package hyperref Warning: Token not allowed in a PDF string (Unicode):
(hyperref)                removing `math shift' on input line 2554.


Underfull \hbox (badness 10000) in paragraph at lines 2557--2562

 []

[102]
Overfull \hbox (32.38905pt too wide) in paragraph at lines 2574--2575
[]\T1/lmr/m/n/12 The $\OML/cmm/m/it/12 ^^[$ \T1/lmr/m/n/12 field in prob-lem 3.
5. In prob-lem 3.5, we have $\OT1/cmr/m/n/12 
 = []$
 []


Underfull \hbox (badness 10000) in paragraph at lines 2577--2581

 []


Underfull \hbox (badness 10000) in paragraph at lines 2583--2588

 []


Underfull \hbox (badness 10000) in paragraph at lines 2583--2588

 []

[103] [104]
Overfull \hbox (4.04645pt too wide) detected at line 2647
\OT1/cmr/m/n/12 (\OML/cmm/m/it/12 H \OMS/cmsy/m/n/12 \ \OML/cmm/m/it/12 G[]\OT1
/cmr/m/n/12 ) \OMS/cmsy/m/n/12 [ \OT1/cmr/m/n/12 (\OML/cmm/m/it/12 H[] \OMS/cms
y/m/n/12 \ \OML/cmm/m/it/12 G[]\OT1/cmr/m/n/12 ) = (\OML/cmm/m/it/12 H \OMS/cms
y/m/n/12 \ \OML/cmm/m/it/12 G[]\OT1/cmr/m/n/12 ) \OMS/cmsy/m/n/12 [ \OT1/cmr/m/
n/12 (\OML/cmm/m/it/12 H[] \OMS/cmsy/m/n/12 \ \OML/cmm/m/it/12 G[]\OT1/cmr/m/n/
12 )  =[]\OMS/cmsy/m/n/12 )  \OML/cmm/m/it/12 ^^U\OT1/cmr/m/n/12 (\OML/cmm/m/it
/12 G[]\OT1/cmr/m/n/12 ) + \OML/cmm/m/it/12 ^^U\OT1/cmr/m/n/12 (\OML/cmm/m/it/1
2 G[]\OT1/cmr/m/n/12 ) = \OML/cmm/m/it/12 ^^U\OT1/cmr/m/n/12 (\OML/cmm/m/it/12 
G[]\OT1/cmr/m/n/12 ) + \OML/cmm/m/it/12 ^^U\OT1/cmr/m/n/12 (\OML/cmm/m/it/12 G[
]\OT1/cmr/m/n/12 )
 []


Underfull \hbox (badness 10000) in paragraph at lines 2647--2651

 []


Underfull \hbox (badness 10000) in paragraph at lines 2659--2663

 []


Underfull \hbox (badness 10000) in paragraph at lines 2669--2675

 []


Underfull \hbox (badness 10000) in paragraph at lines 2669--2675

 []

[105]

Package hyperref Warning: Token not allowed in a PDF string (Unicode):
(hyperref)                removing `math shift' on input line 2676.


Package hyperref Warning: Token not allowed in a PDF string (Unicode):
(hyperref)                removing `\mathop' on input line 2676.


Package hyperref Warning: Token not allowed in a PDF string (Unicode):
(hyperref)                removing `\mathgroup' on input line 2676.


Package hyperref Warning: Token not allowed in a PDF string (Unicode):
(hyperref)                removing `\symoperators' on input line 2676.


Package hyperref Warning: Token not allowed in a PDF string (Unicode):
(hyperref)                removing `\leavevmode@ifvmode' on input line 2676.


Package hyperref Warning: Token not allowed in a PDF string (Unicode):
(hyperref)                \kern 1.95871pt
(hyperref)                removed on input line 2676.


Package hyperref Warning: Token not allowed in a PDF string (Unicode):
(hyperref)                removing `\nmlimits@' on input line 2676.


Package hyperref Warning: Token not allowed in a PDF string (Unicode):
(hyperref)                removing `subscript' on input line 2676.


Package hyperref Warning: Token not allowed in a PDF string (Unicode):
(hyperref)                removing `subscript' on input line 2676.


Package hyperref Warning: Token not allowed in a PDF string (Unicode):
(hyperref)                removing `math shift' on input line 2676.


Underfull \hbox (badness 10000) in paragraph at lines 2685--2689

 []

[106]
Underfull \hbox (badness 10000) in paragraph at lines 2717--2722

 []


Underfull \hbox (badness 10000) in paragraph at lines 2717--2722

 []

[107]
Overfull \hbox (1.86275pt too wide) in paragraph at lines 2724--2726
\T1/lmr/m/n/12 As noted above, we can prove this prob-a-bil-ity equals one if e
ach $[][] \OML/cmm/m/it/12 A[]$
 []


Overfull \hbox (49.99593pt too wide) detected at line 2734
\OT1/cmr/m/n/12 = [][]
 []


Underfull \hbox (badness 10000) in paragraph at lines 2741--2745

 []

[108]
Overfull \hbox (60.01262pt too wide) detected at line 2779
\OMS/cmsy/m/n/12 1 \OT1/cmr/m/n/12 = [] \OML/cmm/m/it/12 P\OT1/cmr/m/n/12 (\OML
/cmm/m/it/12 A[] \OMS/cmsy/m/n/12 \ \OML/cmm/m/it/12 A[] \OMS/cmsy/m/n/12 \ [] 
\ \OML/cmm/m/it/12 A[]\OT1/cmr/m/n/12 )[] \OMS/cmsy/m/n/12 ^^U \OT1/cmr/m/n/12 
2\OML/cmm/m/it/12 ^^O [] P\OT1/cmr/m/n/12 (\OML/cmm/m/it/12 A[] \OMS/cmsy/m/n/1
2 \ \OML/cmm/m/it/12 A[] \OMS/cmsy/m/n/12 \ [] \ \OML/cmm/m/it/12 A[]\OT1/cmr/m
/n/12 )
 []


Underfull \hbox (badness 10000) in paragraph at lines 2790--2795

 []


Underfull \hbox (badness 10000) in paragraph at lines 2790--2795

 []

[109]
Underfull \hbox (badness 10000) in paragraph at lines 2796--2799

 []

[110]
Underfull \hbox (badness 10000) in paragraph at lines 2839--2842

 []

[111]
Underfull \hbox (badness 10000) in paragraph at lines 2877--2883

 []


Underfull \hbox (badness 10000) in paragraph at lines 2877--2883

 []


Underfull \hbox (badness 10000) in paragraph at lines 2890--2894

 []

[112] [113]
Overfull \hbox (2.67331pt too wide) in paragraph at lines 2934--2936
\T1/lmr/m/n/12 Note, $\OML/cmm/m/it/12 c$ \T1/lmr/m/n/12 has at most two dyadic
 ex-pan-sions (ter-mi-nat-ing and non-terminating): 
 []


Overfull \hbox (12.28923pt too wide) detected at line 2960
[] \OMS/cmsy/m/n/12 j\OML/cmm/m/it/12 P\OT1/cmr/m/n/12 (\OML/cmm/m/it/12 A \OMS
/cmsy/m/n/12 \ \OML/cmm/m/it/12 C[]\OT1/cmr/m/n/12 ) \OMS/cmsy/m/n/12 ^^@ \OML/
cmm/m/it/12 P\OT1/cmr/m/n/12 (\OML/cmm/m/it/12 A \OMS/cmsy/m/n/12 \ \OML/cmm/m/
it/12 C[]\OT1/cmr/m/n/12 )\OMS/cmsy/m/n/12 j \OT1/cmr/m/n/12 = [] \OML/cmm/m/it
/12 P\OT1/cmr/m/n/12 (\OML/cmm/m/it/12 A \OMS/cmsy/m/n/12 \ \OML/cmm/m/it/12 C[
]\OT1/cmr/m/n/12 ) \OMS/cmsy/m/n/12 ^^@ \OML/cmm/m/it/12 P\OT1/cmr/m/n/12 (\OML
/cmm/m/it/12 A \OMS/cmsy/m/n/12 \ \OML/cmm/m/it/12 C[]\OT1/cmr/m/n/12 ) \OMS/cm
sy/m/n/12 ^^T [] \OML/cmm/m/it/12 P\OT1/cmr/m/n/12 (\OML/cmm/m/it/12 C[] \OMS/c
msy/m/n/12 ^^@ \OML/cmm/m/it/12 C[]\OT1/cmr/m/n/12 ) \OMS/cmsy/m/n/12 ^^T \OT1/
cmr/m/n/12 0
 []

[114]
Underfull \hbox (badness 10000) in paragraph at lines 2987--2991

 []

[115]
Underfull \hbox (badness 10000) in paragraph at lines 3011--3015

 []


Overfull \hbox (46.18405pt too wide) detected at line 3032
\OML/cmm/m/it/12 P[] [] \OT1/cmr/m/n/12 = \OML/cmm/m/it/12 P[] [] \OT1/cmr/m/n/
12 = \OML/cmm/m/it/12 P[] [] \OT1/cmr/m/n/12 = [] [] \OMS/cmsy/m/n/12 ! []
 []

[116] [117] [118] [119]
Overfull \hbox (30.21033pt too wide) in paragraph at lines 3182--3186
\T1/lmr/m/n/12 Note - $\OT1/cmr/m/n/12 [\OML/cmm/m/it/12 Y \OT1/cmr/m/n/12 = \O
ML/cmm/m/it/12 y\OT1/cmr/m/n/12 ] \OMS/cmsy/m/n/12 2 \OML/cmm/m/it/12 ^^[\OT1/c
mr/m/n/12 (\OML/cmm/m/it/12 X[]; []  ; X[]\OT1/cmr/m/n/12 )$\T1/lmr/m/n/12 , if
 we let $\OML/cmm/m/it/12 H \OT1/cmr/m/n/12 = [(\OML/cmm/m/it/12 x[]; []  ; x[]
\OT1/cmr/m/n/12 ) : \OML/cmm/m/it/12 f\OT1/cmr/m/n/12 (\OML/cmm/m/it/12 x[]; []
  ; x[]\OT1/cmr/m/n/12 ) =
 []


Underfull \hbox (badness 10000) in paragraph at lines 3182--3186

 []

[120]
Overfull \hbox (9.96794pt too wide) in paragraph at lines 3203--3204
 []\T1/lmr/bx/n/12 Example 5.2[] \T1/lmr/m/n/12 Let $\OML/cmm/m/it/12 s[]\OT1/c
mr/m/n/12 (\OML/cmm/m/it/12 !\OT1/cmr/m/n/12 ) = [][] \OML/cmm/m/it/12 r[]\OT1/
cmr/m/n/12 (\OML/cmm/m/it/12 !\OT1/cmr/m/n/12 )$ \T1/lmr/m/n/12 be the par-tial
 sums of the Rademacher
 []

[121]
Overfull \hbox (25.44386pt too wide) in paragraph at lines 3213--3215
\T1/lmr/m/n/12 The nor-mal num-ber the-o-rem is es-sen-tially con-cerned with $
\OML/cmm/m/it/12 X[]\OT1/cmr/m/n/12 (\OML/cmm/m/it/12 !\OT1/cmr/m/n/12 ) = \OML
/cmm/m/it/12 n[] [][] d[]\OT1/cmr/m/n/12 (\OML/cmm/m/it/12 !\OT1/cmr/m/n/12 )$
 []


Underfull \hbox (badness 10000) in paragraph at lines 3217--3221

 []


Overfull \hbox (34.84726pt too wide) detected at line 3229
\OT1/cmr/m/n/12 0 \OMS/cmsy/m/n/12 ^^T [] \OML/cmm/m/it/12 P [] \OMS/cmsy/m/n/1
2 ^^T [] \OML/cmm/m/it/12 P [] \OMS/cmsy/m/n/12 ^^T \OML/cmm/m/it/12 P [] \OT1/
cmr/m/n/12 = 0
 []

[122]
Underfull \hbox (badness 10000) in paragraph at lines 3254--3258

 []

[123]
Overfull \hbox (31.59015pt too wide) in paragraph at lines 3268--3269
 []\T1/lmr/bx/n/12 Definition - In-de-pen-dent Sim-ple Ran-dom Vari-ables[] \T1
/lmr/m/n/12 A se-quence $\OML/cmm/m/it/12 X[]; X[]; [] $
 []

[124]
Underfull \hbox (badness 10000) in paragraph at lines 3301--3305

 []

[125]
Underfull \hbox (badness 10000) in paragraph at lines 3331--3339

 []


Underfull \hbox (badness 10000) in paragraph at lines 3331--3339

 []


Underfull \hbox (badness 10000) in paragraph at lines 3331--3339

 []


Underfull \hbox (badness 10000) in paragraph at lines 3341--3347

 []


Underfull \hbox (badness 10000) in paragraph at lines 3341--3347

 []

[126]
Underfull \hbox (badness 10000) in paragraph at lines 3353--3357

 []

[127]
Underfull \hbox (badness 10000) in paragraph at lines 3367--3371

 []


Underfull \hbox (badness 10000) in paragraph at lines 3378--3383

 []


Underfull \hbox (badness 10000) in paragraph at lines 3378--3383

 []

[128]
Underfull \hbox (badness 10000) in paragraph at lines 3389--3393

 []

[129]
Underfull \hbox (badness 10000) in paragraph at lines 3404--3408

 []


Overfull \hbox (7.7306pt too wide) in paragraph at lines 3422--3423
 []\T1/lmr/bx/n/12 Definition - Uni-formly Bounded[] \T1/lmr/m/n/12 If there is
 a fi-nite $\OML/cmm/m/it/12 K$ \T1/lmr/m/n/12 such that $\OMS/cmsy/m/n/12 j\OM
L/cmm/m/it/12 X[]\OT1/cmr/m/n/12 (\OML/cmm/m/it/12 !\OT1/cmr/m/n/12 )\OMS/cmsy/
m/n/12 j ^^T
 []

[130]
Underfull \hbox (badness 10000) in paragraph at lines 3424--3428

 []


Underfull \hbox (badness 10000) in paragraph at lines 3438--3441

 []

[131] [132] [133] [134]

Package hyperref Warning: Token not allowed in a PDF string (Unicode):
(hyperref)                removing `math shift' on input line 3568.


Package hyperref Warning: Token not allowed in a PDF string (Unicode):
(hyperref)                removing `math shift' on input line 3568.


Underfull \hbox (badness 10000) in paragraph at lines 3570--3573

 []


Underfull \hbox (badness 10000) in paragraph at lines 3575--3579

 []


Underfull \hbox (badness 10000) in paragraph at lines 3580--3585

 []


Underfull \hbox (badness 10000) in paragraph at lines 3580--3585

 []

[135]
Underfull \hbox (badness 10000) in paragraph at lines 3586--3589

 []


Package hyperref Warning: Token not allowed in a PDF string (Unicode):
(hyperref)                removing `math shift' on input line 3596.


Package hyperref Warning: Token not allowed in a PDF string (Unicode):
(hyperref)                removing `subscript' on input line 3596.


Package hyperref Warning: Token not allowed in a PDF string (Unicode):
(hyperref)                removing `math shift' on input line 3596.


Package hyperref Warning: Token not allowed in a PDF string (Unicode):
(hyperref)                removing `math shift' on input line 3596.


Package hyperref Warning: Token not allowed in a PDF string (Unicode):
(hyperref)                removing `\mu' on input line 3596.


Package hyperref Warning: Token not allowed in a PDF string (Unicode):
(hyperref)                removing `subscript' on input line 3596.


Package hyperref Warning: Token not allowed in a PDF string (Unicode):
(hyperref)                removing `math shift' on input line 3596.


Package hyperref Warning: Token not allowed in a PDF string (Unicode):
(hyperref)                removing `math shift' on input line 3596.


Package hyperref Warning: Token not allowed in a PDF string (Unicode):
(hyperref)                removing `\mu' on input line 3596.


Package hyperref Warning: Token not allowed in a PDF string (Unicode):
(hyperref)                removing `subscript' on input line 3596.


Package hyperref Warning: Token not allowed in a PDF string (Unicode):
(hyperref)                removing `math shift' on input line 3596.


Underfull \hbox (badness 10000) in paragraph at lines 3596--3601

 []


Underfull \hbox (badness 10000) in paragraph at lines 3596--3601

 []

[136]
Underfull \hbox (badness 10000) in paragraph at lines 3628--3631

 []

[137] [138]
Underfull \hbox (badness 10000) in paragraph at lines 3699--3702

 []

[139]
Overfull \hbox (0.78961pt too wide) detected at line 3727
\OML/cmm/m/it/12 P\OT1/cmr/m/n/12 [\OML/cmm/m/it/12 X \OT1/cmr/m/n/12 = \OML/cm
m/m/it/12 x\OT1/cmr/m/n/12 ] = \OML/cmm/m/it/12 P\OT1/cmr/m/n/12 [\OML/cmm/m/it
/12 X \OT1/cmr/m/n/12 = \OML/cmm/m/it/12 x; \OT1/cmr/m/n/12 
] = \OML/cmm/m/it/12 P\OT1/cmr/m/n/12 [\OML/cmm/m/it/12 X \OT1/cmr/m/n/12 = \OM
L/cmm/m/it/12 x; [] Y \OT1/cmr/m/n/12 = \OML/cmm/m/it/12 y\OT1/cmr/m/n/12 ] = \
OML/cmm/m/it/12 P\OT1/cmr/m/n/12 [[] \OML/cmm/m/it/12 X \OT1/cmr/m/n/12 = \OML/
cmm/m/it/12 x; Y \OT1/cmr/m/n/12 = \OML/cmm/m/it/12 y\OT1/cmr/m/n/12 ]
 []

[140]
Underfull \hbox (badness 10000) in paragraph at lines 3756--3760

 []


Overfull \hbox (51.85834pt too wide) detected at line 3787
\OML/cmm/m/it/12 '[]\OT1/cmr/m/n/12 (\OML/cmm/m/it/12 t\OT1/cmr/m/n/12 ) = [] [
] = \OML/cmm/m/it/12 f[]\OT1/cmr/m/n/12 (\OML/cmm/m/it/12 t\OT1/cmr/m/n/12 (\OM
L/cmm/m/it/12 x[]; y[]\OT1/cmr/m/n/12 ) + (1 \OMS/cmsy/m/n/12 ^^@ \OML/cmm/m/it
/12 t\OT1/cmr/m/n/12 )(\OML/cmm/m/it/12 x; y\OT1/cmr/m/n/12 ))\OML/cmm/m/it/12 
a \OT1/cmr/m/n/12 + \OML/cmm/m/it/12 f[]\OT1/cmr/m/n/12 (\OML/cmm/m/it/12 t\OT1
/cmr/m/n/12 (\OML/cmm/m/it/12 x[]; y[]\OT1/cmr/m/n/12 ) + (1 \OMS/cmsy/m/n/12 ^
^@ \OML/cmm/m/it/12 t\OT1/cmr/m/n/12 )(\OML/cmm/m/it/12 x; y\OT1/cmr/m/n/12 ))\
OML/cmm/m/it/12 b
 []

[141]

Package hyperref Warning: Token not allowed in a PDF string (Unicode):
(hyperref)                removing `math shift' on input line 3806.


Package hyperref Warning: Token not allowed in a PDF string (Unicode):
(hyperref)                removing `math shift' on input line 3806.


Package hyperref Warning: Token not allowed in a PDF string (Unicode):
(hyperref)                removing `math shift' on input line 3806.


Package hyperref Warning: Token not allowed in a PDF string (Unicode):
(hyperref)                removing `math shift' on input line 3806.


Underfull \hbox (badness 10000) in paragraph at lines 3806--3809

 []


Overfull \hbox (27.8038pt too wide) detected at line 3813
\OML/cmm/m/it/12 f[] \OT1/cmr/m/n/12 = []   \OML/cmm/m/it/12 f[] \OT1/cmr/m/n/1
2 = []   \OML/cmm/m/it/12 f[] \OT1/cmr/m/n/12 = []
 []

[142]
Overfull \hbox (3.92674pt too wide) in paragraph at lines 3828--3828
[][]\T1/lmr/bx/n/12 5.10 Prove Minkowski's In-equal-ity for non-neg-a-tive $\OM
L/cmm/m/it/12 X$\T1/lmr/bx/n/12 , $\OML/cmm/m/it/12 Y$ \T1/lmr/bx/n/12 via Jens
en's 
 []


Package hyperref Warning: Token not allowed in a PDF string (Unicode):
(hyperref)                removing `math shift' on input line 3828.


Package hyperref Warning: Token not allowed in a PDF string (Unicode):
(hyperref)                removing `math shift' on input line 3828.


Package hyperref Warning: Token not allowed in a PDF string (Unicode):
(hyperref)                removing `math shift' on input line 3828.


Package hyperref Warning: Token not allowed in a PDF string (Unicode):
(hyperref)                removing `math shift' on input line 3828.


Package hyperref Warning: Token not allowed in a PDF string (Unicode):
(hyperref)                removing `math shift' on input line 3857.


Package hyperref Warning: Token not allowed in a PDF string (Unicode):
(hyperref)                removing `math shift' on input line 3857.

[143] [144]
Underfull \hbox (badness 10000) in paragraph at lines 3921--3926

 []


Underfull \hbox (badness 10000) in paragraph at lines 3921--3926

 []

[145]
Underfull \hbox (badness 10000) in paragraph at lines 3947--3952

 []


Underfull \hbox (badness 10000) in paragraph at lines 3947--3952

 []


Overfull \hbox (68.05083pt too wide) detected at line 3959
\OML/cmm/m/it/12 A[] \OT1/cmr/m/n/12 = \OMS/cmsy/m/n/12 f\OT1/cmr/m/n/12 1\OML/
cmm/m/it/12 ; \OT1/cmr/m/n/12 5\OML/cmm/m/it/12 ; \OT1/cmr/m/n/12 9\OML/cmm/m/i
t/12 ; [] \OMS/cmsy/m/n/12 g  \OML/cmm/m/it/12 A[] \OT1/cmr/m/n/12 = \OMS/cmsy/
m/n/12 f\OT1/cmr/m/n/12 3\OML/cmm/m/it/12 ; \OT1/cmr/m/n/12 7\OML/cmm/m/it/12 ;
 \OT1/cmr/m/n/12 11\OML/cmm/m/it/12 ; [] \OMS/cmsy/m/n/12 g  \OML/cmm/m/it/12 A
[] \OT1/cmr/m/n/12 = \OMS/cmsy/m/n/12 f\OT1/cmr/m/n/12 2\OML/cmm/m/it/12 ; \OT1
/cmr/m/n/12 6\OML/cmm/m/it/12 ; \OT1/cmr/m/n/12 10\OML/cmm/m/it/12 ; [] \OMS/cm
sy/m/n/12 g  \OML/cmm/m/it/12 A[] \OT1/cmr/m/n/12 = \OMS/cmsy/m/n/12 f\OT1/cmr/
m/n/12 4\OML/cmm/m/it/12 ; \OT1/cmr/m/n/12 8\OML/cmm/m/it/12 ; \OT1/cmr/m/n/12 
12\OML/cmm/m/it/12 ; [] \OMS/cmsy/m/n/12 g
 []

[146]
Underfull \hbox (badness 10000) in paragraph at lines 3967--3971

 []


Underfull \hbox (badness 10000) in paragraph at lines 3981--3985

 []

[147]
Underfull \hbox (badness 10000) in paragraph at lines 3993--3997

 []

[148]
Overfull \hbox (86.05551pt too wide) detected at line 4021
\OML/cmm/m/it/12 P[]\OT1/cmr/m/n/12 [\OML/cmm/m/it/12 ^^K[] \OMS/cmsy/m/n/12 ^^
U \OML/cmm/m/it/12 k[]; i \OMS/cmsy/m/n/12 ^^T \OML/cmm/m/it/12 u\OT1/cmr/m/n/1
2 ] = \OML/cmm/m/it/12 P[] [] \OT1/cmr/m/n/12 = \OML/cmm/m/it/12 P[] [] \OT1/cm
r/m/n/12 = [] [] \OMS/cmsy/m/n/12 ! []
 []

[149]
Underfull \hbox (badness 10000) in paragraph at lines 4068--4072

 []

[150] [151] [152]
Underfull \hbox (badness 10000) in paragraph at lines 4191--4195

 []

[153]
Overfull \hbox (19.52658pt too wide) detected at line 4216
\OML/cmm/m/it/12 P\OT1/cmr/m/n/12 [\OML/cmm/m/it/12 X[] \OT1/cmr/m/n/12 = 1] = 
[] = \OML/cmm/m/it/12 E\OT1/cmr/m/n/12 [\OML/cmm/m/it/12 X[]\OT1/cmr/m/n/12 ] =
 \OML/cmm/m/it/12 m[]   Var\OT1/cmr/m/n/12 [\OML/cmm/m/it/12 X[]\OT1/cmr/m/n/12
 ] = \OML/cmm/m/it/12 ^^[[] \OT1/cmr/m/n/12 = \OML/cmm/m/it/12 m[]\OT1/cmr/m/n/
12 (1 \OMS/cmsy/m/n/12 ^^@ \OML/cmm/m/it/12 m[]\OT1/cmr/m/n/12 )
 []


Underfull \hbox (badness 10000) in paragraph at lines 4232--4237

 []


Underfull \hbox (badness 10000) in paragraph at lines 4232--4237

 []

[154]
Overfull \hbox (83.37701pt too wide) in paragraph at lines 4240--4241
 []\T1/lmr/bx/n/12 Proof of The-o-rem 6.2[] \T1/lmr/m/n/12 Let $\OML/cmm/m/it/1
2 M \OT1/cmr/m/n/12 = [][] \OMS/cmsy/m/n/12 j\OML/cmm/m/it/12 f\OT1/cmr/m/n/12 
(\OML/cmm/m/it/12 x\OT1/cmr/m/n/12 )\OMS/cmsy/m/n/12 j$\T1/lmr/m/n/12 , and let
 $\OML/cmm/m/it/12 ^^N\OT1/cmr/m/n/12 (\OML/cmm/m/it/12 ^^O\OT1/cmr/m/n/12 ) = 
[] []$
 []


Overfull \hbox (3.60957pt too wide) detected at line 4252
\OML/cmm/m/it/12 P\OT1/cmr/m/n/12 [\OML/cmm/m/it/12 S \OT1/cmr/m/n/12 = \OML/cm
m/m/it/12 k\OT1/cmr/m/n/12 ] = \OML/cmm/m/it/12 P [] \OT1/cmr/m/n/12 = []\OML/c
mm/m/it/12 x[]\OT1/cmr/m/n/12 (1 \OMS/cmsy/m/n/12 ^^@ \OML/cmm/m/it/12 x\OT1/cm
r/m/n/12 )[]
 []

[155]
Underfull \hbox (badness 10000) in paragraph at lines 4257--4261

 []

LaTeX Font Info:    Trying to load font information for U+bbm on input line 426
3.
(/usr/share/texlive/texmf-dist/tex/latex/bbm-macros/ubbm.fd
File: ubbm.fd 1999/03/15 V 1.2 Font definition for bbm font - TH
)
Underfull \hbox (badness 10000) in paragraph at lines 4287--4291

 []

[156]
Overfull \hbox (74.07108pt too wide) detected at line 4298
\OML/cmm/m/it/12 P\OT1/cmr/m/n/12 [\OML/cmm/m/it/12 N[] \OMS/cmsy/m/n/12 ^^T \O
ML/cmm/m/it/12 x\OT1/cmr/m/n/12 ] = \OML/cmm/m/it/12 P [] \OMS/cmsy/m/n/12 ^^T 
\OML/cmm/m/it/12 P [] \OMS/cmsy/m/n/12 ^^T [] ^^T []
 []


Underfull \hbox (badness 10000) in paragraph at lines 4312--4316

 []

[157]
Overfull \hbox (3.42667pt too wide) in paragraph at lines 4317--4318
 []\T1/lmr/bx/n/12 Theorem 6.3: Sec-ond Borel Can-telli Lemma Re-fine-ment[] \T
1/lmr/m/n/12 If $[] \OML/cmm/m/it/12 P\OT1/cmr/m/n/12 (\OML/cmm/m/it/12 A[]\OT1
/cmr/m/n/12 )$
 []

[158]
Underfull \hbox (badness 10000) in paragraph at lines 4359--4363

 []

[159]
Underfull \hbox (badness 10000) in paragraph at lines 4378--4382

 []

[160]

Package hyperref Warning: Token not allowed in a PDF string (Unicode):
(hyperref)                removing `math shift' on input line 4405.


Package hyperref Warning: Token not allowed in a PDF string (Unicode):
(hyperref)                removing `math shift' on input line 4405.


Underfull \hbox (badness 10000) in paragraph at lines 4405--4408

 []


Underfull \hbox (badness 10000) in paragraph at lines 4434--4440

 []


Underfull \hbox (badness 10000) in paragraph at lines 4434--4440

 []

[161] [162]
Underfull \hbox (badness 10000) in paragraph at lines 4466--4472

 []


Overfull \hbox (29.57433pt too wide) in paragraph at lines 4466--4472
\T1/lmr/m/n/12 Thus, by in-duc-tion, there are $\OML/cmm/m/it/12 n\OT1/cmr/m/n/
12 !$ \T1/lmr/m/n/12 pos-si-ble \T1/lmr/m/it/12 dif-fer-ent vec-tors \T1/lmr/m/
n/12 for $\OT1/cmr/m/n/12 (\OML/cmm/m/it/12 X[]\OT1/cmr/m/n/12 (\OML/cmm/m/it/1
2 !\OT1/cmr/m/n/12 )\OML/cmm/m/it/12 ; []  ; X[]\OT1/cmr/m/n/12 (\OML/cmm/m/it/
12 !\OT1/cmr/m/n/12 ))$\T1/lmr/m/n/12 .
 []


Underfull \hbox (badness 10000) in paragraph at lines 4466--4472

 []


Overfull \hbox (26.60753pt too wide) detected at line 4479
\OML/cmm/m/it/12 P\OT1/cmr/m/n/12 [\OML/cmm/m/it/12 X[] \OT1/cmr/m/n/12 = \OML/
cmm/m/it/12 x[]; \OT1/cmr/m/n/12 1 \OMS/cmsy/m/n/12 ^^T \OML/cmm/m/it/12 i \OMS
/cmsy/m/n/12 ^^T \OML/cmm/m/it/12 k\OT1/cmr/m/n/12 ] = [] = [] = \OML/cmm/m/it/
12 P\OT1/cmr/m/n/12 [\OML/cmm/m/it/12 X[] \OT1/cmr/m/n/12 = \OML/cmm/m/it/12 x[
]\OT1/cmr/m/n/12 ] [] \OML/cmm/m/it/12 P\OT1/cmr/m/n/12 [\OML/cmm/m/it/12 X[] \
OT1/cmr/m/n/12 = \OML/cmm/m/it/12 x[]\OT1/cmr/m/n/12 ]
 []


Underfull \hbox (badness 10000) in paragraph at lines 4479--4483

 []

[163]
Underfull \hbox (badness 10000) in paragraph at lines 4508--4511

 []

[164]
Underfull \hbox (badness 10000) in paragraph at lines 4533--4536

 []


Package hyperref Warning: Token not allowed in a PDF string (Unicode):
(hyperref)                removing `math shift' on input line 4554.


Package hyperref Warning: Token not allowed in a PDF string (Unicode):
(hyperref)                removing `superscript' on input line 4554.


Package hyperref Warning: Token not allowed in a PDF string (Unicode):
(hyperref)                removing `subscript' on input line 4554.


Package hyperref Warning: Token not allowed in a PDF string (Unicode):
(hyperref)                removing `superscript' on input line 4554.


Package hyperref Warning: Token not allowed in a PDF string (Unicode):
(hyperref)                removing `math shift' on input line 4554.


Package hyperref Warning: Token not allowed in a PDF string (Unicode):
(hyperref)                removing `math shift' on input line 4554.


Package hyperref Warning: Token not allowed in a PDF string (Unicode):
(hyperref)                removing `superscript' on input line 4554.


Package hyperref Warning: Token not allowed in a PDF string (Unicode):
(hyperref)                removing `subscript' on input line 4554.


Package hyperref Warning: Token not allowed in a PDF string (Unicode):
(hyperref)                removing `math shift' on input line 4554.


Underfull \hbox (badness 10000) in paragraph at lines 4556--4559

 []

[165]
Underfull \hbox (badness 10000) in paragraph at lines 4578--4581

 []


Package hyperref Warning: Token not allowed in a PDF string (Unicode):
(hyperref)                removing `math shift' on input line 4599.


Package hyperref Warning: Token not allowed in a PDF string (Unicode):
(hyperref)                removing `math shift' on input line 4599.


Package hyperref Warning: Token not allowed in a PDF string (Unicode):
(hyperref)                removing `math shift' on input line 4599.


Package hyperref Warning: Token not allowed in a PDF string (Unicode):
(hyperref)                removing `math shift' on input line 4599.


Package hyperref Warning: Token not allowed in a PDF string (Unicode):
(hyperref)                removing `math shift' on input line 4599.


Package hyperref Warning: Token not allowed in a PDF string (Unicode):
(hyperref)                removing `subscript' on input line 4599.


Package hyperref Warning: Token not allowed in a PDF string (Unicode):
(hyperref)                removing `math shift' on input line 4599.


Package hyperref Warning: Token not allowed in a PDF string (Unicode):
(hyperref)                removing `math shift' on input line 4599.


Package hyperref Warning: Token not allowed in a PDF string (Unicode):
(hyperref)                removing `math shift' on input line 4599.


Underfull \hbox (badness 10000) in paragraph at lines 4599--4604

 []


Underfull \hbox (badness 10000) in paragraph at lines 4599--4604

 []

[166]
Overfull \hbox (21.0027pt too wide) in paragraph at lines 4624--4626
\T1/lmr/m/n/12 so, in con-clu-sion, we note that each of the sub-se-quences $\O
ML/cmm/m/it/12 X[]; X[]; X[]; [] $
 []

[167]

Package hyperref Warning: Token not allowed in a PDF string (Unicode):
(hyperref)                removing `math shift' on input line 4651.


Package hyperref Warning: Token not allowed in a PDF string (Unicode):
(hyperref)                removing `subscript' on input line 4651.


Package hyperref Warning: Token not allowed in a PDF string (Unicode):
(hyperref)                removing `math shift' on input line 4651.


Underfull \hbox (badness 10000) in paragraph at lines 4651--4654

 []

[168] [169]
Overfull \hbox (51.83986pt too wide) detected at line 4704
\OMS/cmsy/m/n/12 ^^@[] [] \OML/cmm/m/it/12 Y[] \OT1/cmr/m/n/12 = \OMS/cmsy/m/n/
12 ^^@[] [] []\OT1/cmr/m/n/12 (\OML/cmm/m/it/12 f\OT1/cmr/m/n/12 (\OML/cmm/m/it
/12 X[]\OT1/cmr/m/n/12 )) = \OMS/cmsy/m/n/12 ^^@[] [] [] \OT1/cmr/m/n/12 = \OMS
/cmsy/m/n/12 ^^@[] [] []
 []


Underfull \hbox (badness 10000) in paragraph at lines 4708--4714

 []


Underfull \hbox (badness 10000) in paragraph at lines 4708--4714

 []

[170]
Underfull \hbox (badness 10000) in paragraph at lines 4743--4747

 []


Underfull \hbox (badness 10000) in paragraph at lines 4749--4753

 []

[171]
Underfull \hbox (badness 10000) in paragraph at lines 4756--4761

 []


Underfull \hbox (badness 10000) in paragraph at lines 4756--4761

 []


Underfull \hbox (badness 10000) in paragraph at lines 4763--4766

 []

[172]
Underfull \hbox (badness 10000) in paragraph at lines 4776--4780

 []

[173]
Underfull \hbox (badness 10000) in paragraph at lines 4811--4815

 []

[174] [175] [176] [177]
Overfull \hbox (9.95403pt too wide) detected at line 4965
\OML/cmm/m/it/12 P [] \OT1/cmr/m/n/12 = \OML/cmm/m/it/12 P [] \OT1/cmr/m/n/12 =
 [] \OML/cmm/m/it/12 P []
 []


Overfull \hbox (36.42145pt too wide) detected at line 4971
\OT1/cmr/m/n/12 = [] \OML/cmm/m/it/12 P [] p\OT1/cmr/m/n/12 (\OML/cmm/m/it/12 x
\OT1/cmr/m/n/12 ) = \OML/cmm/m/it/12 p\OT1/cmr/m/n/12 (\OML/cmm/m/it/12 x\OT1/c
mr/m/n/12 ) [] \OML/cmm/m/it/12 P [] \OT1/cmr/m/n/12 = \OML/cmm/m/it/12 p\OT1/c
mr/m/n/12 (\OML/cmm/m/it/12 x\OT1/cmr/m/n/12 )\OML/cmm/m/it/12 P []
 []

[178]
Overfull \hbox (9.2011pt too wide) detected at line 5000
\OT1/cmr/m/n/12 = [] \OML/cmm/m/it/12 p\OT1/cmr/m/n/12 (\OML/cmm/m/it/12 x[]\OT
1/cmr/m/n/12 ) [] \OML/cmm/m/it/12 P []
 []

[179]
Underfull \hbox (badness 10000) in paragraph at lines 5019--5023

 []

[180]
Underfull \hbox (badness 10000) in paragraph at lines 5077--5081

 []

[181]
Underfull \hbox (badness 10000) in paragraph at lines 5087--5091

 []

[182]
Underfull \hbox (badness 10000) in paragraph at lines 5099--5102

 []

[183]
Underfull \hbox (badness 10000) in paragraph at lines 5149--5152

 []

[184]
Underfull \hbox (badness 10000) in paragraph at lines 5197--5200

 []

[185]
Underfull \hbox (badness 10000) in paragraph at lines 5202--5206

 []


Underfull \hbox (badness 10000) in paragraph at lines 5208--5212

 []

[186]
Underfull \hbox (badness 10000) in paragraph at lines 5213--5218

 []


Underfull \hbox (badness 10000) in paragraph at lines 5213--5218

 []


Overfull \hbox (53.28067pt too wide) detected at line 5238
\OML/cmm/m/it/12 P [] \OT1/cmr/m/n/12 = 1 \OMS/cmsy/m/n/12 , \OML/cmm/m/it/12 P
 [] \OT1/cmr/m/n/12 = 1 \OMS/cmsy/m/n/12 , \OML/cmm/m/it/12 P [] \OT1/cmr/m/n/1
2 = 1 \OMS/cmsy/m/n/12 , \OML/cmm/m/it/12 p \OMS/cmsy/m/n/12 ^^U \OT1/cmr/m/n/1
2 1\OML/cmm/m/it/12 =\OT1/cmr/m/n/12 2
 []

[187]
Underfull \hbox (badness 10000) in paragraph at lines 5279--5284

 []


Underfull \hbox (badness 10000) in paragraph at lines 5279--5284

 []

[188]
Underfull \hbox (badness 10000) in paragraph at lines 5286--5290

 []


Underfull \hbox (badness 10000) in paragraph at lines 5295--5298

 []

[189]
Underfull \hbox (badness 10000) in paragraph at lines 5304--5308

 []

[190]
Underfull \hbox (badness 10000) in paragraph at lines 5330--5333

 []


Overfull \hbox (62.78615pt too wide) detected at line 5342
\OML/cmm/m/it/12 P\OT1/cmr/m/n/12 [\OML/cmm/m/it/12 X[] \OT1/cmr/m/n/12 = \OML/
cmm/m/it/12 i[]; X[] \OT1/cmr/m/n/12 = \OML/cmm/m/it/12 i[]; X[] \OT1/cmr/m/n/1
2 = \OML/cmm/m/it/12 i[]\OT1/cmr/m/n/12 ] = \OML/cmm/m/it/12 P\OT1/cmr/m/n/12 [
\OML/cmm/m/it/12 X[] \OT1/cmr/m/n/12 = \OML/cmm/m/it/12 i[]\OT1/cmr/m/n/12 ]\OM
L/cmm/m/it/12 P\OT1/cmr/m/n/12 [\OML/cmm/m/it/12 X[] \OT1/cmr/m/n/12 = \OML/cmm
/m/it/12 i[]\OMS/cmsy/m/n/12 j\OML/cmm/m/it/12 X[] \OT1/cmr/m/n/12 = \OML/cmm/m
/it/12 i[]\OT1/cmr/m/n/12 ]\OML/cmm/m/it/12 P\OT1/cmr/m/n/12 [\OML/cmm/m/it/12 
X[] \OT1/cmr/m/n/12 = \OML/cmm/m/it/12 i[]\OMS/cmsy/m/n/12 j\OML/cmm/m/it/12 X[
] \OT1/cmr/m/n/12 = \OML/cmm/m/it/12 i[]; X[] \OT1/cmr/m/n/12 = \OML/cmm/m/it/1
2 i[]\OT1/cmr/m/n/12 ]
 []

[191]
Underfull \hbox (badness 10000) in paragraph at lines 5375--5384

 []


Underfull \hbox (badness 10000) in paragraph at lines 5375--5384

 []


Underfull \hbox (badness 10000) in paragraph at lines 5375--5384

 []


Underfull \hbox (badness 10000) in paragraph at lines 5375--5384

 []

[192]
Overfull \hbox (35.2931pt too wide) in paragraph at lines 5386--5388
\T1/lmr/m/n/12 Now, we de-fine our ran-dom vari-ables. We have $\OML/cmm/m/it/1
2 X[]\OT1/cmr/m/n/12 (\OML/cmm/m/it/12 !\OT1/cmr/m/n/12 ) = \OML/cmm/m/it/12 i$
 \T1/lmr/m/n/12 if $\OML/cmm/m/it/12 ! \OMS/cmsy/m/n/12 2 [][] \OML/cmm/m/it/12
 I[]$\T1/lmr/m/n/12 .
 []

[193]
Overfull \hbox (24.17696pt too wide) detected at line 5406
\OML/cmm/m/it/12 P [] \OT1/cmr/m/n/12 = [] = [] = \OML/cmm/m/it/12 p[]
 []


Underfull \hbox (badness 10000) in paragraph at lines 5421--5425

 []

[194]
Underfull \hbox (badness 10000) in paragraph at lines 5460--5464

 []


Overfull \hbox (78.20139pt too wide) detected at line 5467
\OML/cmm/m/it/12 X[] \OMS/cmsy/m/n/12 6\OT1/cmr/m/n/12 = \OML/cmm/m/it/12 j; []
  ; X[] \OMS/cmsy/m/n/12 6\OT1/cmr/m/n/12 = \OML/cmm/m/it/12 j; X[] \OT1/cmr/m/
n/12 = \OML/cmm/m/it/12 j; X[] \OMS/cmsy/m/n/12 6\OT1/cmr/m/n/12 = \OML/cmm/m/i
t/12 j; []  ; X[] \OMS/cmsy/m/n/12 6\OT1/cmr/m/n/12 = \OML/cmm/m/it/12 j; X[] \
OT1/cmr/m/n/12 = \OML/cmm/m/it/12 j; X[] \OMS/cmsy/m/n/12 6\OT1/cmr/m/n/12 = \O
ML/cmm/m/it/12 j; []  ; X[] \OT1/cmr/m/n/12 = \OML/cmm/m/it/12 j
 []


Overfull \hbox (12.2237pt too wide) detected at line 5482
\OML/cmm/m/it/12 P[] [] \OT1/cmr/m/n/12 = \OML/cmm/m/it/12 P[] [] P[] [] \OT1/c
mr/m/n/12 = \OML/cmm/m/it/12 P[] [] P[] [] [] P[] []
 []

[195]
Overfull \hbox (15.67352pt too wide) detected at line 5492
\OML/cmm/m/it/12 P[] [] \OT1/cmr/m/n/12 = \OML/cmm/m/it/12 P[] [] \OT1/cmr/m/n/
12 = [] \OML/cmm/m/it/12 P[] []
 []


Overfull \hbox (0.7251pt too wide) detected at line 5527
[] \OMS/cmsy/m/n/12 ^^S [] ^^S [] 
 []


Overfull \hbox (29.88644pt too wide) detected at line 5532
[] \OML/cmm/m/it/12 P [] \OT1/cmr/m/n/12 = \OML/cmm/m/it/12 P []
 []

[196]
Underfull \hbox (badness 10000) in paragraph at lines 5553--5556

 []

[197] [198]
Underfull \hbox (badness 10000) in paragraph at lines 5628--5632

 []

[199]
Overfull \hbox (3.79572pt too wide) in paragraph at lines 5639--5640
[]\T1/lmr/m/n/12 All states are per-sis-tent, $\OML/cmm/m/it/12 P[] [] \OT1/cmr
/m/n/12 = 1$ \T1/lmr/m/n/12 for all $\OML/cmm/m/it/12 i$\T1/lmr/m/n/12 , and $[
][] \OML/cmm/m/it/12 p[] \OT1/cmr/m/n/12 =
 []


Underfull \hbox (badness 10000) in paragraph at lines 5645--5649

 []

[200]
Underfull \hbox (badness 10000) in paragraph at lines 5663--5667

 []

[201] [202]
Underfull \hbox (badness 10000) in paragraph at lines 5727--5731

 []


Overfull \hbox (12.35976pt too wide) detected at line 5741
\OML/cmm/m/it/12 ^^[[] \OT1/cmr/m/n/12 = [] \OML/cmm/m/it/12 q[] \OT1/cmr/m/n/1
2 = [] [] \OML/cmm/m/it/12 q[]q[] \OT1/cmr/m/n/12 = [] \OML/cmm/m/it/12 q[] [] 
q[] \OT1/cmr/m/n/12 = [] \OML/cmm/m/it/12 q[]^^[[] \OT1/cmr/m/n/12 = [] \OML/cm
m/m/it/12 q[]^^[[]
 []

[203] [204] [205]
Underfull \hbox (badness 10000) in paragraph at lines 5831--5835

 []


Underfull \hbox (badness 10000) in paragraph at lines 5856--5860

 []

[206] [207]
Overfull \hbox (18.91849pt too wide) detected at line 5884
[] \OML/cmm/m/it/12 ^^Y[]p[] \OT1/cmr/m/n/12 = [] \OML/cmm/m/it/12 ^^Y[] [] p[]
p[] \OT1/cmr/m/n/12 = [] \OML/cmm/m/it/12 p[] [] ^^Y[]p[] \OT1/cmr/m/n/12 = [] 
\OML/cmm/m/it/12 ^^Y[]p[] \OT1/cmr/m/n/12 = \OML/cmm/m/it/12 ^^Y[]  j \OMS/cmsy
/m/n/12 2 \OML/cmm/m/it/12 S
 []


Underfull \hbox (badness 10000) in paragraph at lines 5892--5896

 []

[208]
Underfull \hbox (badness 10000) in paragraph at lines 5909--5916

 []


Underfull \hbox (badness 10000) in paragraph at lines 5909--5916

 []


Underfull \hbox (badness 10000) in paragraph at lines 5909--5916

 []


Underfull \hbox (badness 10000) in paragraph at lines 5917--5922

 []


Underfull \hbox (badness 10000) in paragraph at lines 5917--5922

 []


Underfull \hbox (badness 10000) in paragraph at lines 5927--5930

 []

[209]
Underfull \hbox (badness 10000) in paragraph at lines 5932--5936

 []


Underfull \hbox (badness 10000) in paragraph at lines 5958--5962

 []

[210] [211] [212]
Overfull \hbox (46.9233pt too wide) detected at line 6034
[] \OML/cmm/m/it/12 ^^Y[]p\OT1/cmr/m/n/12 (\OML/cmm/m/it/12 ij; kl\OT1/cmr/m/n/
12 ) = [] \OML/cmm/m/it/12 ^^Y[]^^Y[]p[]p[] \OT1/cmr/m/n/12 = [] \OML/cmm/m/it/
12 ^^Y[]p[] [] ^^Y[]p[] \OT1/cmr/m/n/12 = \OML/cmm/m/it/12 ^^Y[] [] ^^Y[]p[] \O
T1/cmr/m/n/12 = \OML/cmm/m/it/12 ^^Y[]^^Y[] \OT1/cmr/m/n/12 = \OML/cmm/m/it/12 
^^Y\OT1/cmr/m/n/12 (\OML/cmm/m/it/12 kl\OT1/cmr/m/n/12 )
 []


Overfull \hbox (18.37625pt too wide) detected at line 6059
\OT1/cmr/m/n/12 = \OML/cmm/m/it/12 P[] [] \OMS/cmsy/m/n/12 ^^B \OML/cmm/m/it/12
 P[] []
 []


Overfull \hbox (45.65631pt too wide) detected at line 6069
\OML/cmm/m/it/12 P[] [] \OT1/cmr/m/n/12 = [] \OML/cmm/m/it/12 P[] [] \OT1/cmr/m
/n/12 = [] \OML/cmm/m/it/12 P[] [] p[]p[]
 []

[213]
Overfull \hbox (6.74504pt too wide) detected at line 6102
\OML/cmm/m/it/12 P[] [] \OT1/cmr/m/n/12 = [] \OML/cmm/m/it/12 P[] [] \OT1/cmr/m
/n/12 = [] \OML/cmm/m/it/12 p[]\OT1/cmr/m/n/12 (\OML/cmm/m/it/12 ij; kl\OT1/cmr
/m/n/12 ) = \OML/cmm/m/it/12 p[] [] p[] \OT1/cmr/m/n/12 = \OML/cmm/m/it/12 p[]
 []

[214] [215]
Underfull \hbox (badness 10000) in paragraph at lines 6156--6162

 []


Underfull \hbox (badness 10000) in paragraph at lines 6156--6162

 []


Overfull \hbox (11.59993pt too wide) in paragraph at lines 6179--6182
\OML/cmm/m/it/12 n[]; n[]; n[]; [] $ \T1/lmr/m/n/12 is a sub-se-quence of the $
\OML/cmm/m/it/12 rth$ \T1/lmr/m/n/12 row. Thus, $\OML/cmm/m/it/12 x[]; x[]; x[]
; [] $
 []


Underfull \hbox (badness 10000) in paragraph at lines 6179--6182

 []

[216]
Underfull \hbox (badness 10000) in paragraph at lines 6189--6192

 []


Overfull \hbox (11.62546pt too wide) detected at line 6197
[] \OML/cmm/m/it/12 p[]\OT1/cmr/m/n/12 (\OML/cmm/m/it/12 ii; jj\OT1/cmr/m/n/12 
) \OML/cmm/m/it/12 < \OMS/cmsy/m/n/12 1  \OT1/cmr/m/n/12 =[]\OMS/cmsy/m/n/12 ) 
 []\OT1/cmr/m/n/12 (\OML/cmm/m/it/12 p[]\OT1/cmr/m/n/12 )[] \OML/cmm/m/it/12 < 
\OMS/cmsy/m/n/12 1  \OT1/cmr/m/n/12 =[]\OMS/cmsy/m/n/12 )  []\OT1/cmr/m/n/12 (\
OML/cmm/m/it/12 p[]\OT1/cmr/m/n/12 )[] = 0  =[]\OMS/cmsy/m/n/12 )  [] \OML/cmm/
m/it/12 p[] \OT1/cmr/m/n/12 = 0
 []


Underfull \hbox (badness 10000) in paragraph at lines 6201--6205

 []

[217]
Underfull \hbox (badness 10000) in paragraph at lines 6207--6211

 []

[218]
Underfull \hbox (badness 10000) in paragraph at lines 6266--6270

 []

[219]
Overfull \hbox (20.81819pt too wide) in paragraph at lines 6271--6274
\T1/lmr/bx/n/12 And Lim-it-ing Dis-tri-bu-tions[] \T1/lmr/m/n/12 Sup-pose that 
$\OML/cmm/m/it/12 j$ \T1/lmr/m/n/12 is per-sis-tent and that $[][] \OML/cmm/m/i
t/12 p[] \OT1/cmr/m/n/12 =
 []


Underfull \hbox (badness 10000) in paragraph at lines 6271--6274

 []

[220] [221]
Underfull \hbox (badness 10000) in paragraph at lines 6358--6366

 []


Underfull \hbox (badness 10000) in paragraph at lines 6358--6366

 []


Underfull \hbox (badness 10000) in paragraph at lines 6358--6366

 []

[222]
Overfull \hbox (3.38681pt too wide) in paragraph at lines 6367--6369
 []\T1/lmr/bx/n/12 Theorem 8.8: Clas-si-fi-ca-tion of Ir-re-ducible Ape-ri-odic
 Markov Chains[]
 []

[223]
Underfull \hbox (badness 10000) in paragraph at lines 6383--6387

 []


Overfull \hbox (48.92949pt too wide) detected at line 6409
[]\OT1/cmr/m/n/12 (\OML/cmm/m/it/12 p[] \OMS/cmsy/m/n/12 ^^@ \OML/cmm/m/it/12 p
[]\OT1/cmr/m/n/12 ) = [] \OML/cmm/m/it/12 p[] \OMS/cmsy/m/n/12 ^^@ [] \OML/cmm/
m/it/12 p[] \OT1/cmr/m/n/12 = 1 \OMS/cmsy/m/n/12 ^^@ [] \OML/cmm/m/it/12 p[] \O
MS/cmsy/m/n/12 ^^@ [] \OML/cmm/m/it/12 p[] \OT1/cmr/m/n/12 = 1 \OMS/cmsy/m/n/12
 ^^@ [] ^^T \OT1/cmr/m/n/12 1 \OMS/cmsy/m/n/12 ^^@ \OML/cmm/m/it/12 s^^N
 []

[224]
Overfull \hbox (6.23718pt too wide) in paragraph at lines 6437--6438
\T1/lmr/m/n/12 non-neg-a-tive in-te-ger for each $\OML/cmm/m/it/12 !$\T1/lmr/m/
n/12 . This func-tion be-comes a stop-ping time/markov
 []


Underfull \hbox (badness 10000) in paragraph at lines 6440--6446

 []


Underfull \hbox (badness 10000) in paragraph at lines 6440--6446

 []

[225]
Underfull \hbox (badness 10000) in paragraph at lines 6469--6473

 []

[226] [227]
Overfull \hbox (69.63675pt too wide) detected at line 6523
\OML/cmm/m/it/12 P [] \OT1/cmr/m/n/12 = [] \OML/cmm/m/it/12 P [] \OT1/cmr/m/n/1
2 = [] \OML/cmm/m/it/12 P []
 []


Overfull \hbox (5.95436pt too wide) detected at line 6533
\OML/cmm/m/it/12 P [] \OMS/cmsy/m/n/12 ^^U [] \OML/cmm/m/it/12 P [] \OT1/cmr/m/
n/12 = [] \OML/cmm/m/it/12 P [] \OT1/cmr/m/n/12 = 1
 []

[228] [229]
Underfull \hbox (badness 10000) in paragraph at lines 6570--6573

 []


Overfull \hbox (21.58266pt too wide) detected at line 6577
\OML/cmm/m/it/12 E[] [] \OT1/cmr/m/n/12 = [] [] \OML/cmm/m/it/12 P[] [] '\OT1/c
mr/m/n/12 (\OML/cmm/m/it/12 k\OT1/cmr/m/n/12 ) + [] [] \OML/cmm/m/it/12 P[] [] 
'\OT1/cmr/m/n/12 (\OML/cmm/m/it/12 k\OT1/cmr/m/n/12 )
 []

[230]
Overfull \hbox (3.38599pt too wide) detected at line 6601
\OML/cmm/m/it/12 E[] [] \OMS/cmsy/m/n/12 ^^T [] [] \OML/cmm/m/it/12 P[] [] '\OT
1/cmr/m/n/12 (\OML/cmm/m/it/12 k\OT1/cmr/m/n/12 ) + [] \OML/cmm/m/it/12 P[] [] 
'\OT1/cmr/m/n/12 (\OML/cmm/m/it/12 k\OT1/cmr/m/n/12 )
 []


Overfull \hbox (37.3024pt too wide) detected at line 6620
\OML/cmm/m/it/12 E[] [] \OT1/cmr/m/n/12 = [] [] \OML/cmm/m/it/12 P[] [] '\OT1/c
mr/m/n/12 (\OML/cmm/m/it/12 k\OT1/cmr/m/n/12 ) + [] \OML/cmm/m/it/12 P[] [] '\O
T1/cmr/m/n/12 (\OML/cmm/m/it/12 k\OT1/cmr/m/n/12 )
 []

[231]
Underfull \hbox (badness 10000) in paragraph at lines 6667--6670

 []

[232]
Underfull \hbox (badness 10000) in paragraph at lines 6693--6697

 []


Underfull \hbox (badness 10000) in paragraph at lines 6699--6703

 []

[233]
Underfull \hbox (badness 10000) in paragraph at lines 6732--6736

 []


Underfull \hbox (badness 10000) in paragraph at lines 6745--6750

 []


Underfull \hbox (badness 10000) in paragraph at lines 6745--6750

 []

[234] [235]
Overfull \hbox (37.79218pt too wide) detected at line 6797
\OML/cmm/m/it/12  \OT1/cmr/m/n/12 (\OML/cmm/m/it/12 i[]\OT1/cmr/m/n/12 ) \OMS/c
msy/m/n/12 ^^U \OML/cmm/m/it/12 v\OT1/cmr/m/n/12 (\OML/cmm/m/it/12 i[]\OT1/cmr/
m/n/12 )  =[]\OMS/cmsy/m/n/12 )  \OML/cmm/m/it/12 '\OT1/cmr/m/n/12 (\OML/cmm/m/
it/12 i[]\OT1/cmr/m/n/12 ) + \OML/cmm/m/it/12 f\OT1/cmr/m/n/12 (\OML/cmm/m/it/1
2 i[]\OT1/cmr/m/n/12 ) \OMS/cmsy/m/n/12 ^^@ \OML/cmm/m/it/12 '\OT1/cmr/m/n/12 (
\OML/cmm/m/it/12 i[]\OT1/cmr/m/n/12 ) \OMS/cmsy/m/n/12 ^^U \OML/cmm/m/it/12 v\O
T1/cmr/m/n/12 (\OML/cmm/m/it/12 i[]\OT1/cmr/m/n/12 )  =[]\OMS/cmsy/m/n/12 )  \O
ML/cmm/m/it/12 f\OT1/cmr/m/n/12 (\OML/cmm/m/it/12 i[]\OT1/cmr/m/n/12 ) \OMS/cms
y/m/n/12 ^^U \OML/cmm/m/it/12 v\OT1/cmr/m/n/12 (\OML/cmm/m/it/12 i[]\OT1/cmr/m/
n/12 )  =[]\OMS/cmsy/m/n/12 )  \OML/cmm/m/it/12 f\OT1/cmr/m/n/12 (\OML/cmm/m/it
/12 i[]\OT1/cmr/m/n/12 ) = \OML/cmm/m/it/12 v\OT1/cmr/m/n/12 (\OML/cmm/m/it/12 
i[]\OT1/cmr/m/n/12 )
 []

File: excessive_concave.jpg Graphic file (type bmp)
<excessive_concave.jpg>
[236]
Underfull \hbox (badness 10000) in paragraph at lines 6820--6823

 []

[237]
Underfull \hbox (badness 10000) in paragraph at lines 6836--6842

 []


Underfull \hbox (badness 10000) in paragraph at lines 6836--6842

 []


Underfull \hbox (badness 10000) in paragraph at lines 6848--6851

 []

[238]
Underfull \hbox (badness 10000) in paragraph at lines 6862--6866

 []

[239]
Underfull \hbox (badness 10000) in paragraph at lines 6893--6896

 []

[240]
Underfull \hbox (badness 10000) in paragraph at lines 6935--6940

 []


Underfull \hbox (badness 10000) in paragraph at lines 6935--6940

 []

[241]
Underfull \hbox (badness 10000) in paragraph at lines 6972--6977

 []


Underfull \hbox (badness 10000) in paragraph at lines 6972--6977

 []

[242]
Underfull \hbox (badness 10000) in paragraph at lines 6988--6991

 []


Underfull \hbox (badness 10000) in paragraph at lines 6993--6996

 []

[243]

Package hyperref Warning: Token not allowed in a PDF string (Unicode):
(hyperref)                removing `math shift' on input line 7002.


Package hyperref Warning: Token not allowed in a PDF string (Unicode):
(hyperref)                removing `\Omega' on input line 7002.


Package hyperref Warning: Token not allowed in a PDF string (Unicode):
(hyperref)                removing `math shift' on input line 7002.


Underfull \hbox (badness 10000) in paragraph at lines 7002--7007

 []


Underfull \hbox (badness 10000) in paragraph at lines 7002--7007

 []


Underfull \hbox (badness 10000) in paragraph at lines 7020--7025

 []


Underfull \hbox (badness 10000) in paragraph at lines 7020--7025

 []

[244] [245] (./ProbabilityAndMeasure.aux)
Package rerunfilecheck Info: File `ProbabilityAndMeasure.out' has not changed.
(rerunfilecheck)             Checksum: 7397F73026737057361F6EF2B47711AC;35512.
 ) 
Here is how much of TeX's memory you used:
 9965 strings out of 476191
 155061 string characters out of 5812072
 490352 words of memory out of 5000000
 30559 multiletter control sequences out of 15000+600000
 516558 words of font info for 78 fonts, out of 8000000 for 9000
 1348 hyphenation exceptions out of 8191
 60i,13n,64p,1121b,463s stack positions out of 5000i,500n,10000p,200000b,80000s

Output written on ProbabilityAndMeasure.pdf (245 pages).
